#
# There is insufficient memory for the Java Runtime Environment to continue.
# Native memory allocation (malloc) failed to allocate 1826368 bytes for Chunk::new
# Possible reasons:
#   The system is out of physical RAM or swap space
#   The process is running with CompressedOops enabled, and the Java Heap may be blocking the growth of the native heap
# Possible solutions:
#   Reduce memory load on the system
#   Increase physical memory or swap space
#   Check if swap backing store is full
#   Decrease Java heap size (-Xmx/-Xms)
#   Decrease number of Java threads
#   Decrease Java thread stack sizes (-Xss)
#   Set larger code cache with -XX:ReservedCodeCacheSize=
#   JVM is running with Unscaled Compressed Oops mode in which the Java heap is
#     placed in the first 4GB address space. The Java Heap base address is the
#     maximum limit for the native heap growth. Please use -XX:HeapBaseMinAddress
#     to set the Java Heap base and to place the Java Heap above 4GB virtual address.
# This output file may be truncated or incomplete.
#
#  Out of Memory Error (arena.cpp:189), pid=13404, tid=12852
#
# JRE version: OpenJDK Runtime Environment (17.0.6) (build 17.0.6+0-b2043.56-10027231)
# Java VM: OpenJDK 64-Bit Server VM (17.0.6+0-b2043.56-10027231, mixed mode, tiered, compressed oops, compressed class ptrs, g1 gc, windows-amd64)
# No core dump will be written. Minidumps are not enabled by default on client versions of Windows
#

---------------  S U M M A R Y ------------

Command Line: --add-opens=java.base/java.util=ALL-UNNAMED --add-opens=java.base/java.lang=ALL-UNNAMED --add-opens=java.base/java.lang.invoke=ALL-UNNAMED --add-opens=java.prefs/java.util.prefs=ALL-UNNAMED --add-opens=java.base/java.nio.charset=ALL-UNNAMED --add-opens=java.base/java.net=ALL-UNNAMED --add-opens=java.base/java.util.concurrent.atomic=ALL-UNNAMED -Xmx2048m -Dfile.encoding=UTF-8 -Duser.country=ID -Duser.language=en -Duser.variant org.gradle.launcher.daemon.bootstrap.GradleDaemon 8.0

Host: AMD Ryzen 5 5600H with Radeon Graphics         , 12 cores, 15G,  Windows 11 , 64 bit Build 22621 (10.0.22621.2506)
Time: Wed Dec 13 01:37:27 2023 SE Asia Standard Time elapsed time: 13.847972 seconds (0d 0h 0m 13s)

---------------  T H R E A D  ---------------

Current thread (0x0000023f26c91f90):  JavaThread "C2 CompilerThread0" daemon [_thread_in_native, id=12852, stack(0x00000056dbf00000,0x00000056dc000000)]


Current CompileTask:
C2:  13848 7210       4       sun.reflect.generics.parser.SignatureParser::parsePackageNameAndSimpleClassTypeSignature (119 bytes)

Stack: [0x00000056dbf00000,0x00000056dc000000]
Native frames: (J=compiled Java code, j=interpreted, Vv=VM code, C=native code)
V  [jvm.dll+0x683c9a]
V  [jvm.dll+0x8427a4]
V  [jvm.dll+0x843f9e]
V  [jvm.dll+0x844603]
V  [jvm.dll+0x249b75]
V  [jvm.dll+0xabcac]
V  [jvm.dll+0xac27c]
V  [jvm.dll+0x368857]
V  [jvm.dll+0x332f31]
V  [jvm.dll+0x3323da]
V  [jvm.dll+0x21c201]
V  [jvm.dll+0x21b621]
V  [jvm.dll+0x1a4fdd]
V  [jvm.dll+0x22b098]
V  [jvm.dll+0x229159]
V  [jvm.dll+0x7f81ec]
V  [jvm.dll+0x7f274a]
V  [jvm.dll+0x682ad5]
C  [ucrtbase.dll+0x29363]
C  [KERNEL32.DLL+0x1257d]
C  [ntdll.dll+0x5aa58]


---------------  P R O C E S S  ---------------

Threads class SMR info:
_java_thread_list=0x0000023f2cad4e70, length=171, elements={
0x0000023f0a088170, 0x0000023f26c5e260, 0x0000023f26c5f0d0, 0x0000023f26c49c90,
0x0000023f26c4aa10, 0x0000023f26c8b030, 0x0000023f26c91200, 0x0000023f26c91f90,
0x0000023f26c9aa40, 0x0000023f26c9b430, 0x0000023f26e013f0, 0x0000023f26e040e0,
0x0000023f28056930, 0x0000023f27fc2fa0, 0x0000023f290198d0, 0x0000023f2a092430,
0x0000023f2a092900, 0x0000023f2869ea80, 0x0000023f297fa410, 0x0000023f27d3ca70,
0x0000023f27d3b730, 0x0000023f27d3cf40, 0x0000023f27d3bc00, 0x0000023f29f123e0,
0x0000023f29f128b0, 0x0000023f29f11a40, 0x0000023f29f15400, 0x0000023f29f12d80,
0x0000023f29f170e0, 0x0000023f29f158d0, 0x0000023f29f14a60, 0x0000023f29f17f50,
0x0000023f29f13bf0, 0x0000023f29f11f10, 0x0000023f29f13720, 0x0000023f29f17a80,
0x0000023f29f140c0, 0x0000023f29f16270, 0x0000023f29f18420, 0x0000023f29f14590,
0x0000023f29f110a0, 0x0000023f29f14f30, 0x0000023f29f15da0, 0x0000023f29f188f0,
0x0000023f29f16740, 0x0000023f2c9b7050, 0x0000023f2c9b7520, 0x0000023f2c9b66b0,
0x0000023f2c9b3b60, 0x0000023f2c9b79f0, 0x0000023f2c9b2820, 0x0000023f2c9b7ec0,
0x0000023f2c9b8390, 0x0000023f2c9b8860, 0x0000023f2c9b4500, 0x0000023f2c9b49d0,
0x0000023f2c9b2cf0, 0x0000023f2c9b8d30, 0x0000023f2c9b9200, 0x0000023f2c9b31c0,
0x0000023f2c9b5d10, 0x0000023f2c9b6b80, 0x0000023f2c9b3690, 0x0000023f2c9b4ea0,
0x0000023f2c9b5840, 0x0000023f27d3c0d0, 0x0000023f27d3c5a0, 0x0000023f27316c70,
0x0000023f27310760, 0x0000023f27312de0, 0x0000023f27317140, 0x0000023f27315460,
0x0000023f27311aa0, 0x0000023f27312440, 0x0000023f273145f0, 0x0000023f273132b0,
0x0000023f27312910, 0x0000023f27315930, 0x0000023f27311100, 0x0000023f27311f70,
0x0000023f27313780, 0x0000023f273162d0, 0x0000023f27314ac0, 0x0000023f273167a0,
0x0000023f27313c50, 0x0000023f27317fb0, 0x0000023f27314120, 0x0000023f27317610,
0x0000023f273115d0, 0x0000023f27314f90, 0x0000023f27315e00, 0x0000023f27317ae0,
0x0000023f27310c30, 0x0000023f2fe84da0, 0x0000023f2fe860e0, 0x0000023f2fe83f30,
0x0000023f2fe85c10, 0x0000023f2fe865b0, 0x0000023f2fe86f50, 0x0000023f2fe87420,
0x0000023f2fe84400, 0x0000023f2fe86a80, 0x0000023f2fe83a60, 0x0000023f2fe85740,
0x0000023f2fe848d0, 0x0000023f2fe85270, 0x0000023f2e249da0, 0x0000023f2e24c420,
0x0000023f2e247bf0, 0x0000023f2e24ba80, 0x0000023f2e2498d0, 0x0000023f2e24a270,
0x0000023f2e24b0e0, 0x0000023f2e24a740, 0x0000023f2e246d80, 0x0000023f2e2480c0,
0x0000023f2e24d290, 0x0000023f2e248590, 0x0000023f2e24d760, 0x0000023f2e24c8f0,
0x0000023f2e247250, 0x0000023f2e247720, 0x0000023f2e248a60, 0x0000023f2e245f10,
0x0000023f2e2463e0, 0x0000023f2e2468b0, 0x0000023f2e248f30, 0x0000023f2e24ac10,
0x0000023f2e249400, 0x0000023f2e24b5b0, 0x0000023f2e24bf50, 0x0000023f2e24cdc0,
0x0000023f274234c0, 0x0000023f27423990, 0x0000023f274251a0, 0x0000023f27422ff0,
0x0000023f27423e60, 0x0000023f27428690, 0x0000023f27427820, 0x0000023f274264e0,
0x0000023f27424330, 0x0000023f274269b0, 0x0000023f27429500, 0x0000023f27424800,
0x0000023f27427350, 0x0000023f2742a840, 0x0000023f27425670, 0x0000023f274281c0,
0x0000023f27424cd0, 0x0000023f27428b60, 0x0000023f27426e80, 0x0000023f27429030,
0x0000023f27425b40, 0x0000023f27429ea0, 0x0000023f2742a370, 0x0000023f27426010,
0x0000023f27427cf0, 0x0000023f274299d0, 0x0000023f26e795c0, 0x0000023f26e7c5e0,
0x0000023f26e78280, 0x0000023f26e79f60, 0x0000023f26e79a90, 0x0000023f26e78750,
0x0000023f26e7ddf0, 0x0000023f26e78c20, 0x0000023f26e7add0, 0x0000023f26e7cf80,
0x0000023f2ac43860, 0x0000023f2ff22810, 0x0000023f26e7cab0
}

Java Threads: ( => current thread )
  0x0000023f0a088170 JavaThread "main" [_thread_blocked, id=11392, stack(0x00000056db200000,0x00000056db300000)]
  0x0000023f26c5e260 JavaThread "Reference Handler" daemon [_thread_blocked, id=13516, stack(0x00000056db900000,0x00000056dba00000)]
  0x0000023f26c5f0d0 JavaThread "Finalizer" daemon [_thread_blocked, id=18164, stack(0x00000056dba00000,0x00000056dbb00000)]
  0x0000023f26c49c90 JavaThread "Signal Dispatcher" daemon [_thread_blocked, id=5516, stack(0x00000056dbb00000,0x00000056dbc00000)]
  0x0000023f26c4aa10 JavaThread "Attach Listener" daemon [_thread_blocked, id=7068, stack(0x00000056dbc00000,0x00000056dbd00000)]
  0x0000023f26c8b030 JavaThread "Service Thread" daemon [_thread_blocked, id=14416, stack(0x00000056dbd00000,0x00000056dbe00000)]
  0x0000023f26c91200 JavaThread "Monitor Deflation Thread" daemon [_thread_blocked, id=17356, stack(0x00000056dbe00000,0x00000056dbf00000)]
=>0x0000023f26c91f90 JavaThread "C2 CompilerThread0" daemon [_thread_in_native, id=12852, stack(0x00000056dbf00000,0x00000056dc000000)]
  0x0000023f26c9aa40 JavaThread "C1 CompilerThread0" daemon [_thread_blocked, id=19568, stack(0x00000056dc000000,0x00000056dc100000)]
  0x0000023f26c9b430 JavaThread "Sweeper thread" daemon [_thread_blocked, id=18024, stack(0x00000056dc100000,0x00000056dc200000)]
  0x0000023f26e013f0 JavaThread "Common-Cleaner" daemon [_thread_blocked, id=9648, stack(0x00000056dc200000,0x00000056dc300000)]
  0x0000023f26e040e0 JavaThread "Notification Thread" daemon [_thread_blocked, id=18416, stack(0x00000056dc300000,0x00000056dc400000)]
  0x0000023f28056930 JavaThread "Daemon health stats" [_thread_blocked, id=9152, stack(0x00000056dcb00000,0x00000056dcc00000)]
  0x0000023f27fc2fa0 JavaThread "Incoming local TCP Connector on port 60261" [_thread_in_native, id=19504, stack(0x00000056dc500000,0x00000056dc600000)]
  0x0000023f290198d0 JavaThread "Daemon periodic checks" [_thread_blocked, id=2272, stack(0x00000056dc600000,0x00000056dc700000)]
  0x0000023f2a092430 JavaThread "Daemon" [_thread_blocked, id=17316, stack(0x00000056dcd00000,0x00000056dce00000)]
  0x0000023f2a092900 JavaThread "Handler for socket connection from /127.0.0.1:60261 to /127.0.0.1:60262" [_thread_in_native, id=18664, stack(0x00000056dce00000,0x00000056dcf00000)]
  0x0000023f2869ea80 JavaThread "Cancel handler" [_thread_blocked, id=5816, stack(0x00000056dcf00000,0x00000056dd000000)]
  0x0000023f297fa410 JavaThread "Daemon worker" [_thread_in_vm, id=5144, stack(0x00000056dd000000,0x00000056dd100000)]
  0x0000023f27d3ca70 JavaThread "Asynchronous log dispatcher for DefaultDaemonConnection: socket connection from /127.0.0.1:60261 to /127.0.0.1:60262" [_thread_blocked, id=18836, stack(0x00000056dd100000,0x00000056dd200000)]
  0x0000023f27d3b730 JavaThread "Stdin handler" [_thread_blocked, id=2620, stack(0x00000056dd200000,0x00000056dd300000)]
  0x0000023f27d3cf40 JavaThread "Daemon client event forwarder" [_thread_blocked, id=9044, stack(0x00000056dd300000,0x00000056dd400000)]
  0x0000023f27d3bc00 JavaThread "Cache worker for journal cache (C:\Users\h\.gradle\caches\journal-1)" [_thread_blocked, id=18040, stack(0x00000056dda00000,0x00000056ddb00000)]
  0x0000023f29f123e0 JavaThread "File lock request listener" [_thread_in_native, id=17508, stack(0x00000056ddb00000,0x00000056ddc00000)]
  0x0000023f29f128b0 JavaThread "Cache worker for file hash cache (C:\Users\h\.gradle\caches\8.0\fileHashes)" [_thread_blocked, id=4660, stack(0x00000056ddd00000,0x00000056dde00000)]
  0x0000023f29f11a40 JavaThread "File watcher server" daemon [_thread_in_native, id=18828, stack(0x00000056ddf00000,0x00000056de000000)]
  0x0000023f29f15400 JavaThread "File watcher consumer" daemon [_thread_blocked, id=19460, stack(0x00000056de000000,0x00000056de100000)]
  0x0000023f29f12d80 JavaThread "jar transforms" [_thread_blocked, id=17536, stack(0x00000056de100000,0x00000056de200000)]
  0x0000023f29f170e0 JavaThread "jar transforms Thread 2" [_thread_blocked, id=9768, stack(0x00000056de200000,0x00000056de300000)]
  0x0000023f29f158d0 JavaThread "jar transforms Thread 3" [_thread_blocked, id=17696, stack(0x00000056de300000,0x00000056de400000)]
  0x0000023f29f14a60 JavaThread "jar transforms Thread 4" [_thread_blocked, id=17068, stack(0x00000056de400000,0x00000056de500000)]
  0x0000023f29f17f50 JavaThread "jar transforms Thread 5" [_thread_blocked, id=16852, stack(0x00000056de500000,0x00000056de600000)]
  0x0000023f29f13bf0 JavaThread "jar transforms Thread 6" [_thread_blocked, id=9104, stack(0x00000056de600000,0x00000056de700000)]
  0x0000023f29f11f10 JavaThread "jar transforms Thread 7" [_thread_blocked, id=12920, stack(0x00000056de700000,0x00000056de800000)]
  0x0000023f29f13720 JavaThread "jar transforms Thread 8" [_thread_blocked, id=19676, stack(0x00000056de800000,0x00000056de900000)]
  0x0000023f29f17a80 JavaThread "jar transforms Thread 9" [_thread_blocked, id=9324, stack(0x00000056de900000,0x00000056dea00000)]
  0x0000023f29f140c0 JavaThread "jar transforms Thread 10" [_thread_blocked, id=4212, stack(0x00000056dea00000,0x00000056deb00000)]
  0x0000023f29f16270 JavaThread "jar transforms Thread 11" [_thread_blocked, id=18220, stack(0x00000056deb00000,0x00000056dec00000)]
  0x0000023f29f18420 JavaThread "jar transforms Thread 12" [_thread_blocked, id=5184, stack(0x00000056dec00000,0x00000056ded00000)]
  0x0000023f29f14590 JavaThread "Cache worker for checksums cache (C:\HandSight\.gradle\8.0\checksums)" [_thread_blocked, id=20288, stack(0x00000056ded00000,0x00000056dee00000)]
  0x0000023f29f110a0 JavaThread "Cache worker for cache directory md-rule (C:\Users\h\.gradle\caches\8.0\md-rule)" [_thread_blocked, id=11028, stack(0x00000056dee00000,0x00000056def00000)]
  0x0000023f29f14f30 JavaThread "Cache worker for file content cache (C:\Users\h\.gradle\caches\8.0\fileContent)" [_thread_blocked, id=10480, stack(0x00000056def00000,0x00000056df000000)]
  0x0000023f29f15da0 JavaThread "Cache worker for file hash cache (C:\HandSight\.gradle\8.0\fileHashes)" [_thread_blocked, id=3124, stack(0x00000056df000000,0x00000056df100000)]
  0x0000023f29f188f0 JavaThread "Cache worker for cache directory md-supplier (C:\Users\h\.gradle\caches\8.0\md-supplier)" [_thread_blocked, id=10116, stack(0x00000056df100000,0x00000056df200000)]
  0x0000023f29f16740 JavaThread "Cache worker for execution history cache (C:\Users\h\.gradle\caches\8.0\executionHistory)" [_thread_blocked, id=17488, stack(0x00000056df200000,0x00000056df300000)]
  0x0000023f2c9b7050 JavaThread "Cache worker for kotlin-dsl (C:\Users\h\.gradle\caches\8.0\kotlin-dsl)" [_thread_blocked, id=7992, stack(0x00000056df300000,0x00000056df400000)]
  0x0000023f2c9b7520 JavaThread "Cache worker for dependencies-accessors (C:\HandSight\.gradle\8.0\dependencies-accessors)" [_thread_blocked, id=13616, stack(0x00000056df400000,0x00000056df500000)]
  0x0000023f2c9b66b0 JavaThread "Cache worker for Build Output Cleanup Cache (C:\HandSight\.gradle\buildOutputCleanup)" [_thread_blocked, id=10032, stack(0x00000056df500000,0x00000056df600000)]
  0x0000023f2c9b3b60 JavaThread "Unconstrained build operations" [_thread_blocked, id=10732, stack(0x00000056df600000,0x00000056df700000)]
  0x0000023f2c9b79f0 JavaThread "Unconstrained build operations Thread 2" [_thread_blocked, id=14060, stack(0x00000056df700000,0x00000056df800000)]
  0x0000023f2c9b2820 JavaThread "Unconstrained build operations Thread 3" [_thread_blocked, id=9436, stack(0x00000056df800000,0x00000056df900000)]
  0x0000023f2c9b7ec0 JavaThread "Unconstrained build operations Thread 4" [_thread_blocked, id=11844, stack(0x00000056df900000,0x00000056dfa00000)]
  0x0000023f2c9b8390 JavaThread "Unconstrained build operations Thread 5" [_thread_blocked, id=18832, stack(0x00000056dfa00000,0x00000056dfb00000)]
  0x0000023f2c9b8860 JavaThread "Unconstrained build operations Thread 6" [_thread_blocked, id=19052, stack(0x00000056dfb00000,0x00000056dfc00000)]
  0x0000023f2c9b4500 JavaThread "Unconstrained build operations Thread 7" [_thread_blocked, id=10452, stack(0x00000056dfc00000,0x00000056dfd00000)]
  0x0000023f2c9b49d0 JavaThread "Unconstrained build operations Thread 8" [_thread_blocked, id=8012, stack(0x00000056dfd00000,0x00000056dfe00000)]
  0x0000023f2c9b2cf0 JavaThread "Unconstrained build operations Thread 9" [_thread_blocked, id=5156, stack(0x00000056dfe00000,0x00000056dff00000)]
  0x0000023f2c9b8d30 JavaThread "Unconstrained build operations Thread 10" [_thread_blocked, id=18928, stack(0x00000056dff00000,0x00000056e0000000)]
  0x0000023f2c9b9200 JavaThread "Unconstrained build operations Thread 11" [_thread_blocked, id=10812, stack(0x00000056e0000000,0x00000056e0100000)]
  0x0000023f2c9b31c0 JavaThread "Unconstrained build operations Thread 12" [_thread_blocked, id=4736, stack(0x00000056e0100000,0x00000056e0200000)]
  0x0000023f2c9b5d10 JavaThread "Unconstrained build operations Thread 13" [_thread_blocked, id=19924, stack(0x00000056e0200000,0x00000056e0300000)]
  0x0000023f2c9b6b80 JavaThread "Unconstrained build operations Thread 14" [_thread_blocked, id=18668, stack(0x00000056e0300000,0x00000056e0400000)]
  0x0000023f2c9b3690 JavaThread "Unconstrained build operations Thread 15" [_thread_blocked, id=3636, stack(0x00000056e0400000,0x00000056e0500000)]
  0x0000023f2c9b4ea0 JavaThread "Unconstrained build operations Thread 16" [_thread_blocked, id=17404, stack(0x00000056e0500000,0x00000056e0600000)]
  0x0000023f2c9b5840 JavaThread "Unconstrained build operations Thread 17" [_thread_blocked, id=19760, stack(0x00000056e0600000,0x00000056e0700000)]
  0x0000023f27d3c0d0 JavaThread "Unconstrained build operations Thread 18" [_thread_blocked, id=1800, stack(0x00000056e0700000,0x00000056e0800000)]
  0x0000023f27d3c5a0 JavaThread "Unconstrained build operations Thread 19" [_thread_blocked, id=8464, stack(0x00000056e0800000,0x00000056e0900000)]
  0x0000023f27316c70 JavaThread "Unconstrained build operations Thread 20" [_thread_blocked, id=12764, stack(0x00000056e0900000,0x00000056e0a00000)]
  0x0000023f27310760 JavaThread "Unconstrained build operations Thread 21" [_thread_blocked, id=18016, stack(0x00000056e0a00000,0x00000056e0b00000)]
  0x0000023f27312de0 JavaThread "Unconstrained build operations Thread 22" [_thread_blocked, id=3304, stack(0x00000056e0b00000,0x00000056e0c00000)]
  0x0000023f27317140 JavaThread "Unconstrained build operations Thread 23" [_thread_blocked, id=17936, stack(0x00000056e0c00000,0x00000056e0d00000)]
  0x0000023f27315460 JavaThread "Unconstrained build operations Thread 24" [_thread_blocked, id=18336, stack(0x00000056e0d00000,0x00000056e0e00000)]
  0x0000023f27311aa0 JavaThread "Unconstrained build operations Thread 25" [_thread_blocked, id=11632, stack(0x00000056e0e00000,0x00000056e0f00000)]
  0x0000023f27312440 JavaThread "Unconstrained build operations Thread 26" [_thread_blocked, id=18788, stack(0x00000056e0f00000,0x00000056e1000000)]
  0x0000023f273145f0 JavaThread "Unconstrained build operations Thread 27" [_thread_blocked, id=1952, stack(0x00000056e1000000,0x00000056e1100000)]
  0x0000023f273132b0 JavaThread "Unconstrained build operations Thread 28" [_thread_blocked, id=17416, stack(0x00000056e1100000,0x00000056e1200000)]
  0x0000023f27312910 JavaThread "Unconstrained build operations Thread 29" [_thread_blocked, id=9972, stack(0x00000056e1200000,0x00000056e1300000)]
  0x0000023f27315930 JavaThread "Unconstrained build operations Thread 30" [_thread_blocked, id=19516, stack(0x00000056e1300000,0x00000056e1400000)]
  0x0000023f27311100 JavaThread "Unconstrained build operations Thread 31" [_thread_blocked, id=13000, stack(0x00000056e1400000,0x00000056e1500000)]
  0x0000023f27311f70 JavaThread "Unconstrained build operations Thread 32" [_thread_blocked, id=18804, stack(0x00000056e1500000,0x00000056e1600000)]
  0x0000023f27313780 JavaThread "Unconstrained build operations Thread 33" [_thread_blocked, id=15088, stack(0x00000056e1600000,0x00000056e1700000)]
  0x0000023f273162d0 JavaThread "Unconstrained build operations Thread 34" [_thread_blocked, id=11708, stack(0x00000056e1700000,0x00000056e1800000)]
  0x0000023f27314ac0 JavaThread "Unconstrained build operations Thread 35" [_thread_blocked, id=17832, stack(0x00000056e1800000,0x00000056e1900000)]
  0x0000023f273167a0 JavaThread "Unconstrained build operations Thread 36" [_thread_blocked, id=19468, stack(0x00000056e1900000,0x00000056e1a00000)]
  0x0000023f27313c50 JavaThread "Unconstrained build operations Thread 37" [_thread_blocked, id=15748, stack(0x00000056e1a00000,0x00000056e1b00000)]
  0x0000023f27317fb0 JavaThread "Unconstrained build operations Thread 38" [_thread_blocked, id=19184, stack(0x00000056e1b00000,0x00000056e1c00000)]
  0x0000023f27314120 JavaThread "Unconstrained build operations Thread 39" [_thread_blocked, id=16876, stack(0x00000056e1c00000,0x00000056e1d00000)]
  0x0000023f27317610 JavaThread "Unconstrained build operations Thread 40" [_thread_blocked, id=15536, stack(0x00000056e1d00000,0x00000056e1e00000)]
  0x0000023f273115d0 JavaThread "Unconstrained build operations Thread 41" [_thread_blocked, id=9716, stack(0x00000056e1e00000,0x00000056e1f00000)]
  0x0000023f27314f90 JavaThread "Unconstrained build operations Thread 42" [_thread_blocked, id=17736, stack(0x00000056e1f00000,0x00000056e2000000)]
  0x0000023f27315e00 JavaThread "Unconstrained build operations Thread 43" [_thread_blocked, id=12676, stack(0x00000056e2000000,0x00000056e2100000)]
  0x0000023f27317ae0 JavaThread "Unconstrained build operations Thread 44" [_thread_blocked, id=12160, stack(0x00000056e2100000,0x00000056e2200000)]
  0x0000023f27310c30 JavaThread "Unconstrained build operations Thread 45" [_thread_blocked, id=7916, stack(0x00000056e2200000,0x00000056e2300000)]
  0x0000023f2fe84da0 JavaThread "Unconstrained build operations Thread 46" [_thread_blocked, id=18556, stack(0x00000056e2300000,0x00000056e2400000)]
  0x0000023f2fe860e0 JavaThread "Unconstrained build operations Thread 47" [_thread_blocked, id=3356, stack(0x00000056e2400000,0x00000056e2500000)]
  0x0000023f2fe83f30 JavaThread "Unconstrained build operations Thread 48" [_thread_blocked, id=18800, stack(0x00000056e2500000,0x00000056e2600000)]
  0x0000023f2fe85c10 JavaThread "Unconstrained build operations Thread 49" [_thread_blocked, id=10368, stack(0x00000056e2600000,0x00000056e2700000)]
  0x0000023f2fe865b0 JavaThread "Unconstrained build operations Thread 50" [_thread_blocked, id=18704, stack(0x00000056e2700000,0x00000056e2800000)]
  0x0000023f2fe86f50 JavaThread "Unconstrained build operations Thread 51" [_thread_blocked, id=8756, stack(0x00000056e2800000,0x00000056e2900000)]
  0x0000023f2fe87420 JavaThread "Unconstrained build operations Thread 52" [_thread_blocked, id=19624, stack(0x00000056e2900000,0x00000056e2a00000)]
  0x0000023f2fe84400 JavaThread "Unconstrained build operations Thread 53" [_thread_blocked, id=3652, stack(0x00000056e2a00000,0x00000056e2b00000)]
  0x0000023f2fe86a80 JavaThread "Unconstrained build operations Thread 54" [_thread_blocked, id=11660, stack(0x00000056e2b00000,0x00000056e2c00000)]
  0x0000023f2fe83a60 JavaThread "Unconstrained build operations Thread 55" [_thread_blocked, id=14408, stack(0x00000056e2c00000,0x00000056e2d00000)]
  0x0000023f2fe85740 JavaThread "Unconstrained build operations Thread 56" [_thread_blocked, id=1580, stack(0x00000056e2d00000,0x00000056e2e00000)]
  0x0000023f2fe848d0 JavaThread "Unconstrained build operations Thread 57" [_thread_blocked, id=17500, stack(0x00000056e2e00000,0x00000056e2f00000)]
  0x0000023f2fe85270 JavaThread "Unconstrained build operations Thread 58" [_thread_blocked, id=14676, stack(0x00000056e2f00000,0x00000056e3000000)]
  0x0000023f2e249da0 JavaThread "Unconstrained build operations Thread 59" [_thread_blocked, id=11608, stack(0x00000056e3000000,0x00000056e3100000)]
  0x0000023f2e24c420 JavaThread "Unconstrained build operations Thread 60" [_thread_blocked, id=19376, stack(0x00000056e3100000,0x00000056e3200000)]
  0x0000023f2e247bf0 JavaThread "Unconstrained build operations Thread 61" [_thread_blocked, id=11116, stack(0x00000056e3200000,0x00000056e3300000)]
  0x0000023f2e24ba80 JavaThread "Unconstrained build operations Thread 62" [_thread_blocked, id=2600, stack(0x00000056e3300000,0x00000056e3400000)]
  0x0000023f2e2498d0 JavaThread "Unconstrained build operations Thread 63" [_thread_blocked, id=16836, stack(0x00000056e3400000,0x00000056e3500000)]
  0x0000023f2e24a270 JavaThread "Unconstrained build operations Thread 64" [_thread_blocked, id=17176, stack(0x00000056e3500000,0x00000056e3600000)]
  0x0000023f2e24b0e0 JavaThread "Unconstrained build operations Thread 65" [_thread_blocked, id=17800, stack(0x00000056e3600000,0x00000056e3700000)]
  0x0000023f2e24a740 JavaThread "Unconstrained build operations Thread 66" [_thread_blocked, id=7236, stack(0x00000056e3700000,0x00000056e3800000)]
  0x0000023f2e246d80 JavaThread "Unconstrained build operations Thread 67" [_thread_blocked, id=19296, stack(0x00000056e3800000,0x00000056e3900000)]
  0x0000023f2e2480c0 JavaThread "Unconstrained build operations Thread 68" [_thread_blocked, id=6080, stack(0x00000056e3900000,0x00000056e3a00000)]
  0x0000023f2e24d290 JavaThread "Unconstrained build operations Thread 69" [_thread_blocked, id=13164, stack(0x00000056e3a00000,0x00000056e3b00000)]
  0x0000023f2e248590 JavaThread "Unconstrained build operations Thread 70" [_thread_blocked, id=16820, stack(0x00000056e3b00000,0x00000056e3c00000)]
  0x0000023f2e24d760 JavaThread "Unconstrained build operations Thread 71" [_thread_blocked, id=9576, stack(0x00000056e3c00000,0x00000056e3d00000)]
  0x0000023f2e24c8f0 JavaThread "Unconstrained build operations Thread 72" [_thread_blocked, id=17656, stack(0x00000056e3d00000,0x00000056e3e00000)]
  0x0000023f2e247250 JavaThread "Unconstrained build operations Thread 73" [_thread_blocked, id=18320, stack(0x00000056e3e00000,0x00000056e3f00000)]
  0x0000023f2e247720 JavaThread "Unconstrained build operations Thread 74" [_thread_blocked, id=9252, stack(0x00000056e3f00000,0x00000056e4000000)]
  0x0000023f2e248a60 JavaThread "Unconstrained build operations Thread 75" [_thread_blocked, id=5756, stack(0x00000056e4000000,0x00000056e4100000)]
  0x0000023f2e245f10 JavaThread "Unconstrained build operations Thread 76" [_thread_blocked, id=20452, stack(0x00000056e4100000,0x00000056e4200000)]
  0x0000023f2e2463e0 JavaThread "Unconstrained build operations Thread 77" [_thread_blocked, id=19280, stack(0x00000056e4200000,0x00000056e4300000)]
  0x0000023f2e2468b0 JavaThread "Unconstrained build operations Thread 78" [_thread_blocked, id=18716, stack(0x00000056e4300000,0x00000056e4400000)]
  0x0000023f2e248f30 JavaThread "Unconstrained build operations Thread 79" [_thread_blocked, id=19556, stack(0x00000056e4400000,0x00000056e4500000)]
  0x0000023f2e24ac10 JavaThread "Unconstrained build operations Thread 80" [_thread_blocked, id=18888, stack(0x00000056e4500000,0x00000056e4600000)]
  0x0000023f2e249400 JavaThread "Unconstrained build operations Thread 81" [_thread_blocked, id=18224, stack(0x00000056e4600000,0x00000056e4700000)]
  0x0000023f2e24b5b0 JavaThread "Unconstrained build operations Thread 82" [_thread_blocked, id=18504, stack(0x00000056e4700000,0x00000056e4800000)]
  0x0000023f2e24bf50 JavaThread "Unconstrained build operations Thread 83" [_thread_blocked, id=20200, stack(0x00000056e4800000,0x00000056e4900000)]
  0x0000023f2e24cdc0 JavaThread "Unconstrained build operations Thread 84" [_thread_blocked, id=10688, stack(0x00000056e4900000,0x00000056e4a00000)]
  0x0000023f274234c0 JavaThread "Unconstrained build operations Thread 85" [_thread_blocked, id=19316, stack(0x00000056e4a00000,0x00000056e4b00000)]
  0x0000023f27423990 JavaThread "Unconstrained build operations Thread 86" [_thread_blocked, id=19972, stack(0x00000056e4b00000,0x00000056e4c00000)]
  0x0000023f274251a0 JavaThread "Unconstrained build operations Thread 87" [_thread_blocked, id=18608, stack(0x00000056e4c00000,0x00000056e4d00000)]
  0x0000023f27422ff0 JavaThread "Unconstrained build operations Thread 88" [_thread_blocked, id=14144, stack(0x00000056e4d00000,0x00000056e4e00000)]
  0x0000023f27423e60 JavaThread "Unconstrained build operations Thread 89" [_thread_blocked, id=18236, stack(0x00000056e4e00000,0x00000056e4f00000)]
  0x0000023f27428690 JavaThread "Unconstrained build operations Thread 90" [_thread_blocked, id=18048, stack(0x00000056e4f00000,0x00000056e5000000)]
  0x0000023f27427820 JavaThread "Unconstrained build operations Thread 91" [_thread_blocked, id=9520, stack(0x00000056e5000000,0x00000056e5100000)]
  0x0000023f274264e0 JavaThread "Unconstrained build operations Thread 92" [_thread_blocked, id=13288, stack(0x00000056e5100000,0x00000056e5200000)]
  0x0000023f27424330 JavaThread "Unconstrained build operations Thread 93" [_thread_blocked, id=20076, stack(0x00000056e5200000,0x00000056e5300000)]
  0x0000023f274269b0 JavaThread "Unconstrained build operations Thread 94" [_thread_blocked, id=17880, stack(0x00000056e5300000,0x00000056e5400000)]
  0x0000023f27429500 JavaThread "Unconstrained build operations Thread 95" [_thread_blocked, id=4928, stack(0x00000056e5400000,0x00000056e5500000)]
  0x0000023f27424800 JavaThread "Unconstrained build operations Thread 96" [_thread_blocked, id=1208, stack(0x00000056e5500000,0x00000056e5600000)]
  0x0000023f27427350 JavaThread "Unconstrained build operations Thread 97" [_thread_blocked, id=8332, stack(0x00000056e5600000,0x00000056e5700000)]
  0x0000023f2742a840 JavaThread "Unconstrained build operations Thread 98" [_thread_blocked, id=13636, stack(0x00000056e5700000,0x00000056e5800000)]
  0x0000023f27425670 JavaThread "Unconstrained build operations Thread 99" [_thread_blocked, id=19144, stack(0x00000056e5800000,0x00000056e5900000)]
  0x0000023f274281c0 JavaThread "Unconstrained build operations Thread 100" [_thread_blocked, id=7724, stack(0x00000056e5900000,0x00000056e5a00000)]
  0x0000023f27424cd0 JavaThread "Unconstrained build operations Thread 101" [_thread_blocked, id=20380, stack(0x00000056e5a00000,0x00000056e5b00000)]
  0x0000023f27428b60 JavaThread "Unconstrained build operations Thread 102" [_thread_blocked, id=14100, stack(0x00000056e5b00000,0x00000056e5c00000)]
  0x0000023f27426e80 JavaThread "Unconstrained build operations Thread 103" [_thread_blocked, id=2740, stack(0x00000056e5c00000,0x00000056e5d00000)]
  0x0000023f27429030 JavaThread "Unconstrained build operations Thread 104" [_thread_blocked, id=11864, stack(0x00000056e5d00000,0x00000056e5e00000)]
  0x0000023f27425b40 JavaThread "Unconstrained build operations Thread 105" [_thread_blocked, id=17328, stack(0x00000056e5e00000,0x00000056e5f00000)]
  0x0000023f27429ea0 JavaThread "Unconstrained build operations Thread 106" [_thread_blocked, id=18404, stack(0x00000056e5f00000,0x00000056e6000000)]
  0x0000023f2742a370 JavaThread "Unconstrained build operations Thread 107" [_thread_blocked, id=1092, stack(0x00000056e6000000,0x00000056e6100000)]
  0x0000023f27426010 JavaThread "Unconstrained build operations Thread 108" [_thread_blocked, id=15744, stack(0x00000056e6100000,0x00000056e6200000)]
  0x0000023f27427cf0 JavaThread "Unconstrained build operations Thread 109" [_thread_blocked, id=7972, stack(0x00000056e6200000,0x00000056e6300000)]
  0x0000023f274299d0 JavaThread "Unconstrained build operations Thread 110" [_thread_blocked, id=15200, stack(0x00000056e6300000,0x00000056e6400000)]
  0x0000023f26e795c0 JavaThread "Unconstrained build operations Thread 111" [_thread_blocked, id=5948, stack(0x00000056e6400000,0x00000056e6500000)]
  0x0000023f26e7c5e0 JavaThread "Unconstrained build operations Thread 112" [_thread_blocked, id=18544, stack(0x00000056e6500000,0x00000056e6600000)]
  0x0000023f26e78280 JavaThread "Unconstrained build operations Thread 113" [_thread_blocked, id=6148, stack(0x00000056e6600000,0x00000056e6700000)]
  0x0000023f26e79f60 JavaThread "Unconstrained build operations Thread 114" [_thread_blocked, id=18640, stack(0x00000056e6700000,0x00000056e6800000)]
  0x0000023f26e79a90 JavaThread "Unconstrained build operations Thread 115" [_thread_blocked, id=14708, stack(0x00000056e6800000,0x00000056e6900000)]
  0x0000023f26e78750 JavaThread "Unconstrained build operations Thread 116" [_thread_blocked, id=19100, stack(0x00000056e6900000,0x00000056e6a00000)]
  0x0000023f26e7ddf0 JavaThread "Unconstrained build operations Thread 117" [_thread_blocked, id=18368, stack(0x00000056e6a00000,0x00000056e6b00000)]
  0x0000023f26e78c20 JavaThread "Unconstrained build operations Thread 118" [_thread_blocked, id=18536, stack(0x00000056e6b00000,0x00000056e6c00000)]
  0x0000023f26e7add0 JavaThread "Unconstrained build operations Thread 119" [_thread_blocked, id=1788, stack(0x00000056e6c00000,0x00000056e6d00000)]
  0x0000023f26e7cf80 JavaThread "Unconstrained build operations Thread 120" [_thread_blocked, id=18748, stack(0x00000056e6d00000,0x00000056e6e00000)]
  0x0000023f2ac43860 JavaThread "C2 CompilerThread1" daemon [_thread_in_native, id=7704, stack(0x00000056ddc00000,0x00000056ddd00000)]
  0x0000023f2ff22810 JavaThread "C2 CompilerThread2" daemon [_thread_in_native, id=15396, stack(0x00000056dde00000,0x00000056ddf00000)]
  0x0000023f26e7cab0 JavaThread "Memory manager" [_thread_blocked, id=2764, stack(0x00000056e6e00000,0x00000056e6f00000)]

Other Threads:
  0x0000023f262fe9f0 VMThread "VM Thread" [stack: 0x00000056db800000,0x00000056db900000] [id=14052]
  0x0000023f0a10e1f0 WatcherThread [stack: 0x00000056dc400000,0x00000056dc500000] [id=18600]
  0x0000023f0a0e38f0 GCTaskThread "GC Thread#0" [stack: 0x00000056db300000,0x00000056db400000] [id=18696]
  0x0000023f27a95490 GCTaskThread "GC Thread#1" [stack: 0x00000056dc700000,0x00000056dc800000] [id=19448]
  0x0000023f27599bf0 GCTaskThread "GC Thread#2" [stack: 0x00000056dc800000,0x00000056dc900000] [id=9584]
  0x0000023f275785a0 GCTaskThread "GC Thread#3" [stack: 0x00000056dc900000,0x00000056dca00000] [id=19020]
  0x0000023f27578850 GCTaskThread "GC Thread#4" [stack: 0x00000056dca00000,0x00000056dcb00000] [id=19044]
  0x0000023f2989f900 GCTaskThread "GC Thread#5" [stack: 0x00000056dcc00000,0x00000056dcd00000] [id=9548]
  0x0000023f2989fbb0 GCTaskThread "GC Thread#6" [stack: 0x00000056dd400000,0x00000056dd500000] [id=8544]
  0x0000023f2989f3a0 GCTaskThread "GC Thread#7" [stack: 0x00000056dd500000,0x00000056dd600000] [id=5852]
  0x0000023f2989e0d0 GCTaskThread "GC Thread#8" [stack: 0x00000056dd600000,0x00000056dd700000] [id=14148]
  0x0000023f2989f650 GCTaskThread "GC Thread#9" [stack: 0x00000056dd700000,0x00000056dd800000] [id=5936]
  0x0000023f0a0f4830 ConcurrentGCThread "G1 Main Marker" [stack: 0x00000056db400000,0x00000056db500000] [id=18252]
  0x0000023f0a0f59e0 ConcurrentGCThread "G1 Conc#0" [stack: 0x00000056db500000,0x00000056db600000] [id=2448]
  0x0000023f2989e630 ConcurrentGCThread "G1 Conc#1" [stack: 0x00000056dd800000,0x00000056dd900000] [id=19640]
  0x0000023f2989e8e0 ConcurrentGCThread "G1 Conc#2" [stack: 0x00000056dd900000,0x00000056dda00000] [id=14084]
  0x0000023f0a14e8a0 ConcurrentGCThread "G1 Refine#0" [stack: 0x00000056db600000,0x00000056db700000] [id=19392]
  0x0000023f2617d510 ConcurrentGCThread "G1 Service" [stack: 0x00000056db700000,0x00000056db800000] [id=9120]

Threads with active compile tasks:
C2 CompilerThread0    13884 7210       4       sun.reflect.generics.parser.SignatureParser::parsePackageNameAndSimpleClassTypeSignature (119 bytes)
C1 CompilerThread0    13884 7290       1       org.gradle.api.internal.plugins.PluginInspector$PotentialImperativeClassPlugin::asClass (5 bytes)
C2 CompilerThread1    13885 7231 %     4       org.gradle.internal.instantiation.generator.AbstractClassGenerator::inspectType @ 77 (560 bytes)
C2 CompilerThread2    13885 7205   !   4       java.net.URL::<init> (543 bytes)

VM state: not at safepoint (normal execution)

VM Mutex/Monitor currently owned by a thread: None

Heap address: 0x0000000080000000, size: 2048 MB, Compressed Oops mode: 32-bit

CDS archive(s) not mapped
Compressed class space mapped at: 0x0000000100000000-0x0000000140000000, reserved size: 1073741824
Narrow klass base: 0x0000000000000000, Narrow klass shift: 3, Narrow klass range: 0x140000000

GC Precious Log:
 CPUs: 12 total, 12 available
 Memory: 15713M
 Large Page Support: Disabled
 NUMA Support: Disabled
 Compressed Oops: Enabled (32-bit)
 Heap Region Size: 1M
 Heap Min Capacity: 8M
 Heap Initial Capacity: 246M
 Heap Max Capacity: 2G
 Pre-touch: Disabled
 Parallel Workers: 10
 Concurrent Workers: 3
 Concurrent Refinement Workers: 10
 Periodic GC: Disabled

Heap:
 garbage-first heap   total 195584K, used 138654K [0x0000000080000000, 0x0000000100000000)
  region size 1024K, 40 young (40960K), 2 survivors (2048K)
 Metaspace       used 74361K, committed 75136K, reserved 1114112K
  class space    used 10429K, committed 10752K, reserved 1048576K

Heap Regions: E=young(eden), S=young(survivor), O=old, HS=humongous(starts), HC=humongous(continues), CS=collection set, F=free, OA=open archive, CA=closed archive, TAMS=top-at-mark-start (previous, next)
|   0|0x0000000080000000, 0x0000000080100000, 0x0000000080100000|100%|HS|  |TAMS 0x0000000080100000, 0x0000000080000000| Complete 
|   1|0x0000000080100000, 0x0000000080200000, 0x0000000080200000|100%|HC|  |TAMS 0x0000000080200000, 0x0000000080100000| Complete 
|   2|0x0000000080200000, 0x0000000080300000, 0x0000000080300000|100%|HC|  |TAMS 0x0000000080300000, 0x0000000080200000| Complete 
|   3|0x0000000080300000, 0x0000000080400000, 0x0000000080400000|100%|HC|  |TAMS 0x0000000080400000, 0x0000000080300000| Complete 
|   4|0x0000000080400000, 0x0000000080500000, 0x0000000080500000|100%| O|  |TAMS 0x0000000080500000, 0x0000000080400000| Untracked 
|   5|0x0000000080500000, 0x0000000080600000, 0x0000000080600000|100%| O|  |TAMS 0x0000000080600000, 0x0000000080500000| Untracked 
|   6|0x0000000080600000, 0x0000000080700000, 0x0000000080700000|100%| O|  |TAMS 0x0000000080700000, 0x0000000080600000| Untracked 
|   7|0x0000000080700000, 0x0000000080800000, 0x0000000080800000|100%| O|  |TAMS 0x0000000080800000, 0x0000000080700000| Untracked 
|   8|0x0000000080800000, 0x0000000080900000, 0x0000000080900000|100%| O|  |TAMS 0x0000000080900000, 0x0000000080800000| Untracked 
|   9|0x0000000080900000, 0x0000000080a00000, 0x0000000080a00000|100%| O|  |TAMS 0x0000000080a00000, 0x0000000080900000| Untracked 
|  10|0x0000000080a00000, 0x0000000080af7c00, 0x0000000080b00000| 96%| O|  |TAMS 0x0000000080af7c00, 0x0000000080a00000| Untracked 
|  11|0x0000000080b00000, 0x0000000080c00000, 0x0000000080c00000|100%| O|  |TAMS 0x0000000080c00000, 0x0000000080b00000| Untracked 
|  12|0x0000000080c00000, 0x0000000080d00000, 0x0000000080d00000|100%| O|  |TAMS 0x0000000080d00000, 0x0000000080c00000| Untracked 
|  13|0x0000000080d00000, 0x0000000080e00000, 0x0000000080e00000|100%| O|  |TAMS 0x0000000080e00000, 0x0000000080d00000| Untracked 
|  14|0x0000000080e00000, 0x0000000080f00000, 0x0000000080f00000|100%| O|  |TAMS 0x0000000080f00000, 0x0000000080e00000| Untracked 
|  15|0x0000000080f00000, 0x0000000081000000, 0x0000000081000000|100%| O|  |TAMS 0x0000000081000000, 0x0000000080f00000| Untracked 
|  16|0x0000000081000000, 0x0000000081100000, 0x0000000081100000|100%| O|  |TAMS 0x0000000081100000, 0x0000000081000000| Untracked 
|  17|0x0000000081100000, 0x0000000081200000, 0x0000000081200000|100%| O|  |TAMS 0x0000000081200000, 0x0000000081100000| Untracked 
|  18|0x0000000081200000, 0x0000000081300000, 0x0000000081300000|100%| O|  |TAMS 0x0000000081300000, 0x0000000081200000| Untracked 
|  19|0x0000000081300000, 0x0000000081400000, 0x0000000081400000|100%| O|  |TAMS 0x0000000081400000, 0x0000000081300000| Untracked 
|  20|0x0000000081400000, 0x0000000081500000, 0x0000000081500000|100%|HS|  |TAMS 0x0000000081400000, 0x0000000081400000| Complete 
|  21|0x0000000081500000, 0x0000000081600000, 0x0000000081600000|100%|HS|  |TAMS 0x0000000081600000, 0x0000000081500000| Complete 
|  22|0x0000000081600000, 0x0000000081700000, 0x0000000081700000|100%|HC|  |TAMS 0x0000000081700000, 0x0000000081600000| Complete 
|  23|0x0000000081700000, 0x0000000081800000, 0x0000000081800000|100%|HS|  |TAMS 0x0000000081800000, 0x0000000081700000| Complete 
|  24|0x0000000081800000, 0x0000000081900000, 0x0000000081900000|100%|HC|  |TAMS 0x0000000081900000, 0x0000000081800000| Complete 
|  25|0x0000000081900000, 0x0000000081a00000, 0x0000000081a00000|100%|HC|  |TAMS 0x0000000081a00000, 0x0000000081900000| Complete 
|  26|0x0000000081a00000, 0x0000000081b00000, 0x0000000081b00000|100%|HS|  |TAMS 0x0000000081b00000, 0x0000000081a00000| Complete 
|  27|0x0000000081b00000, 0x0000000081c00000, 0x0000000081c00000|100%|HC|  |TAMS 0x0000000081c00000, 0x0000000081b00000| Complete 
|  28|0x0000000081c00000, 0x0000000081d00000, 0x0000000081d00000|100%|HC|  |TAMS 0x0000000081d00000, 0x0000000081c00000| Complete 
|  29|0x0000000081d00000, 0x0000000081e00000, 0x0000000081e00000|100%|HS|  |TAMS 0x0000000081e00000, 0x0000000081d00000| Complete 
|  30|0x0000000081e00000, 0x0000000081f00000, 0x0000000081f00000|100%|HC|  |TAMS 0x0000000081f00000, 0x0000000081e00000| Complete 
|  31|0x0000000081f00000, 0x0000000082000000, 0x0000000082000000|100%| O|  |TAMS 0x0000000082000000, 0x0000000081f00000| Untracked 
|  32|0x0000000082000000, 0x0000000082100000, 0x0000000082100000|100%| O|  |TAMS 0x0000000082100000, 0x0000000082000000| Untracked 
|  33|0x0000000082100000, 0x0000000082200000, 0x0000000082200000|100%| O|  |TAMS 0x0000000082200000, 0x0000000082100000| Untracked 
|  34|0x0000000082200000, 0x0000000082200000, 0x0000000082300000|  0%| F|  |TAMS 0x0000000082200000, 0x0000000082200000| Untracked 
|  35|0x0000000082300000, 0x0000000082400000, 0x0000000082400000|100%| O|  |TAMS 0x0000000082400000, 0x0000000082300000| Untracked 
|  36|0x0000000082400000, 0x0000000082500000, 0x0000000082500000|100%| O|  |TAMS 0x0000000082500000, 0x0000000082400000| Untracked 
|  37|0x0000000082500000, 0x0000000082600000, 0x0000000082600000|100%| O|  |TAMS 0x0000000082600000, 0x0000000082500000| Untracked 
|  38|0x0000000082600000, 0x0000000082700000, 0x0000000082700000|100%| O|  |TAMS 0x0000000082700000, 0x0000000082600000| Untracked 
|  39|0x0000000082700000, 0x0000000082800000, 0x0000000082800000|100%|HS|  |TAMS 0x0000000082800000, 0x0000000082700000| Complete 
|  40|0x0000000082800000, 0x0000000082900000, 0x0000000082900000|100%|HC|  |TAMS 0x0000000082900000, 0x0000000082800000| Complete 
|  41|0x0000000082900000, 0x0000000082a00000, 0x0000000082a00000|100%|HC|  |TAMS 0x0000000082a00000, 0x0000000082900000| Complete 
|  42|0x0000000082a00000, 0x0000000082b00000, 0x0000000082b00000|100%|HC|  |TAMS 0x0000000082b00000, 0x0000000082a00000| Complete 
|  43|0x0000000082b00000, 0x0000000082c00000, 0x0000000082c00000|100%|HC|  |TAMS 0x0000000082c00000, 0x0000000082b00000| Complete 
|  44|0x0000000082c00000, 0x0000000082d00000, 0x0000000082d00000|100%|HC|  |TAMS 0x0000000082d00000, 0x0000000082c00000| Complete 
|  45|0x0000000082d00000, 0x0000000082e00000, 0x0000000082e00000|100%|HC|  |TAMS 0x0000000082e00000, 0x0000000082d00000| Complete 
|  46|0x0000000082e00000, 0x0000000082f00000, 0x0000000082f00000|100%|HC|  |TAMS 0x0000000082f00000, 0x0000000082e00000| Complete 
|  47|0x0000000082f00000, 0x0000000083000000, 0x0000000083000000|100%|HC|  |TAMS 0x0000000083000000, 0x0000000082f00000| Complete 
|  48|0x0000000083000000, 0x0000000083100000, 0x0000000083100000|100%|HC|  |TAMS 0x0000000083100000, 0x0000000083000000| Complete 
|  49|0x0000000083100000, 0x0000000083200000, 0x0000000083200000|100%|HC|  |TAMS 0x0000000083200000, 0x0000000083100000| Complete 
|  50|0x0000000083200000, 0x0000000083300000, 0x0000000083300000|100%|HC|  |TAMS 0x0000000083300000, 0x0000000083200000| Complete 
|  51|0x0000000083300000, 0x0000000083400000, 0x0000000083400000|100%|HS|  |TAMS 0x0000000083400000, 0x0000000083300000| Complete 
|  52|0x0000000083400000, 0x0000000083500000, 0x0000000083500000|100%|HC|  |TAMS 0x0000000083500000, 0x0000000083400000| Complete 
|  53|0x0000000083500000, 0x0000000083600000, 0x0000000083600000|100%|HC|  |TAMS 0x0000000083600000, 0x0000000083500000| Complete 
|  54|0x0000000083600000, 0x0000000083700000, 0x0000000083700000|100%|HS|  |TAMS 0x0000000083700000, 0x0000000083600000| Complete 
|  55|0x0000000083700000, 0x0000000083800000, 0x0000000083800000|100%|HC|  |TAMS 0x0000000083800000, 0x0000000083700000| Complete 
|  56|0x0000000083800000, 0x0000000083900000, 0x0000000083900000|100%|HC|  |TAMS 0x0000000083900000, 0x0000000083800000| Complete 
|  57|0x0000000083900000, 0x0000000083a00000, 0x0000000083a00000|100%| O|  |TAMS 0x0000000083a00000, 0x0000000083900000| Untracked 
|  58|0x0000000083a00000, 0x0000000083b00000, 0x0000000083b00000|100%| O|  |TAMS 0x0000000083b00000, 0x0000000083a00000| Untracked 
|  59|0x0000000083b00000, 0x0000000083c00000, 0x0000000083c00000|100%| O|  |TAMS 0x0000000083c00000, 0x0000000083b00000| Untracked 
|  60|0x0000000083c00000, 0x0000000083d00000, 0x0000000083d00000|100%| O|  |TAMS 0x0000000083d00000, 0x0000000083c00000| Untracked 
|  61|0x0000000083d00000, 0x0000000083e00000, 0x0000000083e00000|100%| O|  |TAMS 0x0000000083e00000, 0x0000000083d00000| Untracked 
|  62|0x0000000083e00000, 0x0000000083f00000, 0x0000000083f00000|100%| O|  |TAMS 0x0000000083f00000, 0x0000000083e00000| Untracked 
|  63|0x0000000083f00000, 0x0000000084000000, 0x0000000084000000|100%| O|  |TAMS 0x0000000084000000, 0x0000000083f00000| Untracked 
|  64|0x0000000084000000, 0x0000000084100000, 0x0000000084100000|100%| O|  |TAMS 0x0000000084100000, 0x0000000084000000| Untracked 
|  65|0x0000000084100000, 0x0000000084200000, 0x0000000084200000|100%| O|  |TAMS 0x0000000084200000, 0x0000000084100000| Untracked 
|  66|0x0000000084200000, 0x0000000084300000, 0x0000000084300000|100%| O|  |TAMS 0x0000000084300000, 0x0000000084200000| Untracked 
|  67|0x0000000084300000, 0x0000000084400000, 0x0000000084400000|100%| O|  |TAMS 0x0000000084400000, 0x0000000084300000| Untracked 
|  68|0x0000000084400000, 0x0000000084500000, 0x0000000084500000|100%| O|  |TAMS 0x0000000084500000, 0x0000000084400000| Untracked 
|  69|0x0000000084500000, 0x0000000084600000, 0x0000000084600000|100%| O|  |TAMS 0x0000000084600000, 0x0000000084500000| Untracked 
|  70|0x0000000084600000, 0x0000000084700000, 0x0000000084700000|100%| O|  |TAMS 0x0000000084700000, 0x0000000084600000| Untracked 
|  71|0x0000000084700000, 0x0000000084800000, 0x0000000084800000|100%| O|  |TAMS 0x0000000084800000, 0x0000000084700000| Untracked 
|  72|0x0000000084800000, 0x0000000084900000, 0x0000000084900000|100%| O|  |TAMS 0x0000000084900000, 0x0000000084800000| Untracked 
|  73|0x0000000084900000, 0x0000000084a00000, 0x0000000084a00000|100%| O|  |TAMS 0x0000000084a00000, 0x0000000084900000| Untracked 
|  74|0x0000000084a00000, 0x0000000084b00000, 0x0000000084b00000|100%|HS|  |TAMS 0x0000000084b00000, 0x0000000084a00000| Complete 
|  75|0x0000000084b00000, 0x0000000084c00000, 0x0000000084c00000|100%|HS|  |TAMS 0x0000000084c00000, 0x0000000084b00000| Complete 
|  76|0x0000000084c00000, 0x0000000084d00000, 0x0000000084d00000|100%|HS|  |TAMS 0x0000000084d00000, 0x0000000084c00000| Complete 
|  77|0x0000000084d00000, 0x0000000084e00000, 0x0000000084e00000|100%|HC|  |TAMS 0x0000000084e00000, 0x0000000084d00000| Complete 
|  78|0x0000000084e00000, 0x0000000084f00000, 0x0000000084f00000|100%|HS|  |TAMS 0x0000000084f00000, 0x0000000084e00000| Complete 
|  79|0x0000000084f00000, 0x0000000085000000, 0x0000000085000000|100%|HS|  |TAMS 0x0000000085000000, 0x0000000084f00000| Complete 
|  80|0x0000000085000000, 0x0000000085100000, 0x0000000085100000|100%|HC|  |TAMS 0x0000000085100000, 0x0000000085000000| Complete 
|  81|0x0000000085100000, 0x0000000085200000, 0x0000000085200000|100%|HC|  |TAMS 0x0000000085200000, 0x0000000085100000| Complete 
|  82|0x0000000085200000, 0x0000000085300000, 0x0000000085300000|100%|HC|  |TAMS 0x0000000085300000, 0x0000000085200000| Complete 
|  83|0x0000000085300000, 0x0000000085400000, 0x0000000085400000|100%| O|  |TAMS 0x0000000085400000, 0x0000000085300000| Untracked 
|  84|0x0000000085400000, 0x0000000085500000, 0x0000000085500000|100%| O|  |TAMS 0x0000000085500000, 0x0000000085400000| Untracked 
|  85|0x0000000085500000, 0x0000000085600000, 0x0000000085600000|100%| O|  |TAMS 0x0000000085600000, 0x0000000085500000| Untracked 
|  86|0x0000000085600000, 0x0000000085700000, 0x0000000085700000|100%| O|  |TAMS 0x0000000085700000, 0x0000000085600000| Untracked 
|  87|0x0000000085700000, 0x0000000085800000, 0x0000000085800000|100%| O|  |TAMS 0x0000000085800000, 0x0000000085700000| Untracked 
|  88|0x0000000085800000, 0x0000000085900000, 0x0000000085900000|100%| O|  |TAMS 0x0000000085900000, 0x0000000085800000| Untracked 
|  89|0x0000000085900000, 0x0000000085a00000, 0x0000000085a00000|100%| O|  |TAMS 0x0000000085a00000, 0x0000000085900000| Untracked 
|  90|0x0000000085a00000, 0x0000000085b00000, 0x0000000085b00000|100%| O|  |TAMS 0x0000000085b00000, 0x0000000085a00000| Untracked 
|  91|0x0000000085b00000, 0x0000000085c00000, 0x0000000085c00000|100%| O|  |TAMS 0x0000000085c00000, 0x0000000085b00000| Untracked 
|  92|0x0000000085c00000, 0x0000000085d00000, 0x0000000085d00000|100%| O|  |TAMS 0x0000000085c36400, 0x0000000085c00000| Untracked 
|  93|0x0000000085d00000, 0x0000000085d00000, 0x0000000085e00000|  0%| F|  |TAMS 0x0000000085d00000, 0x0000000085d00000| Untracked 
|  94|0x0000000085e00000, 0x0000000085e00000, 0x0000000085f00000|  0%| F|  |TAMS 0x0000000085e00000, 0x0000000085e00000| Untracked 
|  95|0x0000000085f00000, 0x0000000085f00000, 0x0000000086000000|  0%| F|  |TAMS 0x0000000085f00000, 0x0000000085f00000| Untracked 
|  96|0x0000000086000000, 0x0000000086100000, 0x0000000086100000|100%| O|  |TAMS 0x0000000086000000, 0x0000000086000000| Untracked 
|  97|0x0000000086100000, 0x0000000086200000, 0x0000000086200000|100%| O|  |TAMS 0x0000000086100000, 0x0000000086100000| Untracked 
|  98|0x0000000086200000, 0x0000000086200000, 0x0000000086300000|  0%| F|  |TAMS 0x0000000086200000, 0x0000000086200000| Untracked 
|  99|0x0000000086300000, 0x0000000086400000, 0x0000000086400000|100%| O|  |TAMS 0x0000000086300000, 0x0000000086300000| Untracked 
| 100|0x0000000086400000, 0x0000000086500000, 0x0000000086500000|100%| O|  |TAMS 0x0000000086400000, 0x0000000086400000| Untracked 
| 101|0x0000000086500000, 0x000000008656fc00, 0x0000000086600000| 43%| O|  |TAMS 0x0000000086500000, 0x0000000086500000| Untracked 
| 102|0x0000000086600000, 0x0000000086600000, 0x0000000086700000|  0%| F|  |TAMS 0x0000000086600000, 0x0000000086600000| Untracked 
| 103|0x0000000086700000, 0x0000000086700000, 0x0000000086800000|  0%| F|  |TAMS 0x0000000086700000, 0x0000000086700000| Untracked 
| 104|0x0000000086800000, 0x0000000086800000, 0x0000000086900000|  0%| F|  |TAMS 0x0000000086800000, 0x0000000086800000| Untracked 
| 105|0x0000000086900000, 0x0000000086900000, 0x0000000086a00000|  0%| F|  |TAMS 0x0000000086900000, 0x0000000086900000| Untracked 
| 106|0x0000000086a00000, 0x0000000086a00000, 0x0000000086b00000|  0%| F|  |TAMS 0x0000000086a00000, 0x0000000086a00000| Untracked 
| 107|0x0000000086b00000, 0x0000000086b00000, 0x0000000086c00000|  0%| F|  |TAMS 0x0000000086b00000, 0x0000000086b00000| Untracked 
| 108|0x0000000086c00000, 0x0000000086c00000, 0x0000000086d00000|  0%| F|  |TAMS 0x0000000086c00000, 0x0000000086c00000| Untracked 
| 109|0x0000000086d00000, 0x0000000086d00000, 0x0000000086e00000|  0%| F|  |TAMS 0x0000000086d00000, 0x0000000086d00000| Untracked 
| 110|0x0000000086e00000, 0x0000000086e00000, 0x0000000086f00000|  0%| F|  |TAMS 0x0000000086e00000, 0x0000000086e00000| Untracked 
| 111|0x0000000086f00000, 0x0000000086f00000, 0x0000000087000000|  0%| F|  |TAMS 0x0000000086f00000, 0x0000000086f00000| Untracked 
| 112|0x0000000087000000, 0x0000000087000000, 0x0000000087100000|  0%| F|  |TAMS 0x0000000087000000, 0x0000000087000000| Untracked 
| 113|0x0000000087100000, 0x0000000087100000, 0x0000000087200000|  0%| F|  |TAMS 0x0000000087100000, 0x0000000087100000| Untracked 
| 114|0x0000000087200000, 0x0000000087200000, 0x0000000087300000|  0%| F|  |TAMS 0x0000000087200000, 0x0000000087200000| Untracked 
| 115|0x0000000087300000, 0x0000000087300000, 0x0000000087400000|  0%| F|  |TAMS 0x0000000087300000, 0x0000000087300000| Untracked 
| 116|0x0000000087400000, 0x0000000087400000, 0x0000000087500000|  0%| F|  |TAMS 0x0000000087400000, 0x0000000087400000| Untracked 
| 117|0x0000000087500000, 0x0000000087500000, 0x0000000087600000|  0%| F|  |TAMS 0x0000000087500000, 0x0000000087500000| Untracked 
| 118|0x0000000087600000, 0x0000000087600000, 0x0000000087700000|  0%| F|  |TAMS 0x0000000087600000, 0x0000000087600000| Untracked 
| 119|0x0000000087700000, 0x0000000087700000, 0x0000000087800000|  0%| F|  |TAMS 0x0000000087700000, 0x0000000087700000| Untracked 
| 120|0x0000000087800000, 0x0000000087800000, 0x0000000087900000|  0%| F|  |TAMS 0x0000000087800000, 0x0000000087800000| Untracked 
| 121|0x0000000087900000, 0x0000000087900000, 0x0000000087a00000|  0%| F|  |TAMS 0x0000000087900000, 0x0000000087900000| Untracked 
| 122|0x0000000087a00000, 0x0000000087a00000, 0x0000000087b00000|  0%| F|  |TAMS 0x0000000087a00000, 0x0000000087a00000| Untracked 
| 123|0x0000000087b00000, 0x0000000087b00000, 0x0000000087c00000|  0%| F|  |TAMS 0x0000000087b00000, 0x0000000087b00000| Untracked 
| 124|0x0000000087c00000, 0x0000000087c00000, 0x0000000087d00000|  0%| F|  |TAMS 0x0000000087c00000, 0x0000000087c00000| Untracked 
| 125|0x0000000087d00000, 0x0000000087d00000, 0x0000000087e00000|  0%| F|  |TAMS 0x0000000087d00000, 0x0000000087d00000| Untracked 
| 126|0x0000000087e00000, 0x0000000087e00000, 0x0000000087f00000|  0%| F|  |TAMS 0x0000000087e00000, 0x0000000087e00000| Untracked 
| 127|0x0000000087f00000, 0x0000000087f00000, 0x0000000088000000|  0%| F|  |TAMS 0x0000000087f00000, 0x0000000087f00000| Untracked 
| 128|0x0000000088000000, 0x0000000088000000, 0x0000000088100000|  0%| F|  |TAMS 0x0000000088000000, 0x0000000088000000| Untracked 
| 129|0x0000000088100000, 0x0000000088100000, 0x0000000088200000|  0%| F|  |TAMS 0x0000000088100000, 0x0000000088100000| Untracked 
| 130|0x0000000088200000, 0x0000000088200000, 0x0000000088300000|  0%| F|  |TAMS 0x0000000088200000, 0x0000000088200000| Untracked 
| 131|0x0000000088300000, 0x0000000088300000, 0x0000000088400000|  0%| F|  |TAMS 0x0000000088300000, 0x0000000088300000| Untracked 
| 132|0x0000000088400000, 0x0000000088400000, 0x0000000088500000|  0%| F|  |TAMS 0x0000000088400000, 0x0000000088400000| Untracked 
| 133|0x0000000088500000, 0x0000000088500000, 0x0000000088600000|  0%| F|  |TAMS 0x0000000088500000, 0x0000000088500000| Untracked 
| 134|0x0000000088600000, 0x0000000088600000, 0x0000000088700000|  0%| F|  |TAMS 0x0000000088600000, 0x0000000088600000| Untracked 
| 135|0x0000000088700000, 0x0000000088700000, 0x0000000088800000|  0%| F|  |TAMS 0x0000000088700000, 0x0000000088700000| Untracked 
| 136|0x0000000088800000, 0x0000000088800000, 0x0000000088900000|  0%| F|  |TAMS 0x0000000088800000, 0x0000000088800000| Untracked 
| 137|0x0000000088900000, 0x0000000088900000, 0x0000000088a00000|  0%| F|  |TAMS 0x0000000088900000, 0x0000000088900000| Untracked 
| 138|0x0000000088a00000, 0x0000000088a00000, 0x0000000088b00000|  0%| F|  |TAMS 0x0000000088a00000, 0x0000000088a00000| Untracked 
| 139|0x0000000088b00000, 0x0000000088b00000, 0x0000000088c00000|  0%| F|  |TAMS 0x0000000088b00000, 0x0000000088b00000| Untracked 
| 140|0x0000000088c00000, 0x0000000088c00000, 0x0000000088d00000|  0%| F|  |TAMS 0x0000000088c00000, 0x0000000088c00000| Untracked 
| 141|0x0000000088d00000, 0x0000000088d00000, 0x0000000088e00000|  0%| F|  |TAMS 0x0000000088d00000, 0x0000000088d00000| Untracked 
| 142|0x0000000088e00000, 0x0000000088e00000, 0x0000000088f00000|  0%| F|  |TAMS 0x0000000088e00000, 0x0000000088e00000| Untracked 
| 143|0x0000000088f00000, 0x0000000088f00000, 0x0000000089000000|  0%| F|  |TAMS 0x0000000088f00000, 0x0000000088f00000| Untracked 
| 144|0x0000000089000000, 0x0000000089000000, 0x0000000089100000|  0%| F|  |TAMS 0x0000000089000000, 0x0000000089000000| Untracked 
| 145|0x0000000089100000, 0x0000000089100000, 0x0000000089200000|  0%| F|  |TAMS 0x0000000089100000, 0x0000000089100000| Untracked 
| 146|0x0000000089200000, 0x0000000089200000, 0x0000000089300000|  0%| F|  |TAMS 0x0000000089200000, 0x0000000089200000| Untracked 
| 147|0x0000000089300000, 0x0000000089300000, 0x0000000089400000|  0%| F|  |TAMS 0x0000000089300000, 0x0000000089300000| Untracked 
| 148|0x0000000089400000, 0x0000000089400000, 0x0000000089500000|  0%| F|  |TAMS 0x0000000089400000, 0x0000000089400000| Untracked 
| 149|0x0000000089500000, 0x0000000089500000, 0x0000000089600000|  0%| F|  |TAMS 0x0000000089500000, 0x0000000089500000| Untracked 
| 150|0x0000000089600000, 0x0000000089600000, 0x0000000089700000|  0%| F|  |TAMS 0x0000000089600000, 0x0000000089600000| Untracked 
| 151|0x0000000089700000, 0x0000000089800000, 0x0000000089800000|100%| E|  |TAMS 0x0000000089700000, 0x0000000089700000| Complete 
| 152|0x0000000089800000, 0x0000000089900000, 0x0000000089900000|100%| E|CS|TAMS 0x0000000089800000, 0x0000000089800000| Complete 
| 153|0x0000000089900000, 0x0000000089a00000, 0x0000000089a00000|100%| E|CS|TAMS 0x0000000089900000, 0x0000000089900000| Complete 
| 154|0x0000000089a00000, 0x0000000089b00000, 0x0000000089b00000|100%| E|CS|TAMS 0x0000000089a00000, 0x0000000089a00000| Complete 
| 155|0x0000000089b00000, 0x0000000089c00000, 0x0000000089c00000|100%| E|CS|TAMS 0x0000000089b00000, 0x0000000089b00000| Complete 
| 156|0x0000000089c00000, 0x0000000089d00000, 0x0000000089d00000|100%| E|CS|TAMS 0x0000000089c00000, 0x0000000089c00000| Complete 
| 157|0x0000000089d00000, 0x0000000089e00000, 0x0000000089e00000|100%| E|CS|TAMS 0x0000000089d00000, 0x0000000089d00000| Complete 
| 158|0x0000000089e00000, 0x0000000089f00000, 0x0000000089f00000|100%| E|CS|TAMS 0x0000000089e00000, 0x0000000089e00000| Complete 
| 159|0x0000000089f00000, 0x000000008a000000, 0x000000008a000000|100%| E|CS|TAMS 0x0000000089f00000, 0x0000000089f00000| Complete 
| 160|0x000000008a000000, 0x000000008a100000, 0x000000008a100000|100%| E|CS|TAMS 0x000000008a000000, 0x000000008a000000| Complete 
| 161|0x000000008a100000, 0x000000008a200000, 0x000000008a200000|100%| E|CS|TAMS 0x000000008a100000, 0x000000008a100000| Complete 
| 162|0x000000008a200000, 0x000000008a300000, 0x000000008a300000|100%| E|CS|TAMS 0x000000008a200000, 0x000000008a200000| Complete 
| 163|0x000000008a300000, 0x000000008a400000, 0x000000008a400000|100%| E|CS|TAMS 0x000000008a300000, 0x000000008a300000| Complete 
| 164|0x000000008a400000, 0x000000008a500000, 0x000000008a500000|100%| E|CS|TAMS 0x000000008a400000, 0x000000008a400000| Complete 
| 165|0x000000008a500000, 0x000000008a600000, 0x000000008a600000|100%| E|CS|TAMS 0x000000008a500000, 0x000000008a500000| Complete 
| 166|0x000000008a600000, 0x000000008a700000, 0x000000008a700000|100%| E|CS|TAMS 0x000000008a600000, 0x000000008a600000| Complete 
| 167|0x000000008a700000, 0x000000008a800000, 0x000000008a800000|100%| E|CS|TAMS 0x000000008a700000, 0x000000008a700000| Complete 
| 168|0x000000008a800000, 0x000000008a900000, 0x000000008a900000|100%| E|CS|TAMS 0x000000008a800000, 0x000000008a800000| Complete 
| 169|0x000000008a900000, 0x000000008aa00000, 0x000000008aa00000|100%| E|CS|TAMS 0x000000008a900000, 0x000000008a900000| Complete 
| 170|0x000000008aa00000, 0x000000008ab00000, 0x000000008ab00000|100%| E|CS|TAMS 0x000000008aa00000, 0x000000008aa00000| Complete 
| 171|0x000000008ab00000, 0x000000008ac00000, 0x000000008ac00000|100%| E|CS|TAMS 0x000000008ab00000, 0x000000008ab00000| Complete 
| 172|0x000000008ac00000, 0x000000008ad00000, 0x000000008ad00000|100%| E|CS|TAMS 0x000000008ac00000, 0x000000008ac00000| Complete 
| 173|0x000000008ad00000, 0x000000008ae00000, 0x000000008ae00000|100%| E|CS|TAMS 0x000000008ad00000, 0x000000008ad00000| Complete 
| 174|0x000000008ae00000, 0x000000008af00000, 0x000000008af00000|100%| E|CS|TAMS 0x000000008ae00000, 0x000000008ae00000| Complete 
| 175|0x000000008af00000, 0x000000008b000000, 0x000000008b000000|100%| E|CS|TAMS 0x000000008af00000, 0x000000008af00000| Complete 
| 176|0x000000008b000000, 0x000000008b100000, 0x000000008b100000|100%| E|CS|TAMS 0x000000008b000000, 0x000000008b000000| Complete 
| 177|0x000000008b100000, 0x000000008b200000, 0x000000008b200000|100%| E|CS|TAMS 0x000000008b100000, 0x000000008b100000| Complete 
| 178|0x000000008b200000, 0x000000008b300000, 0x000000008b300000|100%| E|CS|TAMS 0x000000008b200000, 0x000000008b200000| Complete 
| 179|0x000000008b300000, 0x000000008b400000, 0x000000008b400000|100%| E|CS|TAMS 0x000000008b300000, 0x000000008b300000| Complete 
| 180|0x000000008b400000, 0x000000008b500000, 0x000000008b500000|100%| E|CS|TAMS 0x000000008b400000, 0x000000008b400000| Complete 
| 181|0x000000008b500000, 0x000000008b600000, 0x000000008b600000|100%| E|CS|TAMS 0x000000008b500000, 0x000000008b500000| Complete 
| 197|0x000000008c500000, 0x000000008c600000, 0x000000008c600000|100%| E|CS|TAMS 0x000000008c500000, 0x000000008c500000| Complete 
| 198|0x000000008c600000, 0x000000008c700000, 0x000000008c700000|100%| S|CS|TAMS 0x000000008c600000, 0x000000008c600000| Complete 
| 199|0x000000008c700000, 0x000000008c800000, 0x000000008c800000|100%| S|CS|TAMS 0x000000008c700000, 0x000000008c700000| Complete 
| 200|0x000000008c800000, 0x000000008c900000, 0x000000008c900000|100%| E|CS|TAMS 0x000000008c800000, 0x000000008c800000| Complete 
| 201|0x000000008c900000, 0x000000008ca00000, 0x000000008ca00000|100%| E|CS|TAMS 0x000000008c900000, 0x000000008c900000| Complete 
| 202|0x000000008ca00000, 0x000000008cb00000, 0x000000008cb00000|100%| E|CS|TAMS 0x000000008ca00000, 0x000000008ca00000| Complete 
| 203|0x000000008cb00000, 0x000000008cc00000, 0x000000008cc00000|100%| E|CS|TAMS 0x000000008cb00000, 0x000000008cb00000| Complete 
| 204|0x000000008cc00000, 0x000000008cd00000, 0x000000008cd00000|100%| E|CS|TAMS 0x000000008cc00000, 0x000000008cc00000| Complete 
| 245|0x000000008f500000, 0x000000008f600000, 0x000000008f600000|100%| E|CS|TAMS 0x000000008f500000, 0x000000008f500000| Complete 

Card table byte_map: [0x0000023f1edd0000,0x0000023f1f1d0000] _byte_map_base: 0x0000023f1e9d0000

Marking Bits (Prev, Next): (CMBitMap*) 0x0000023f0a0e3f00, (CMBitMap*) 0x0000023f0a0e3f40
 Prev Bits: [0x0000023f1f5d0000, 0x0000023f215d0000)
 Next Bits: [0x0000023f215d0000, 0x0000023f235d0000)

Polling page: 0x0000023f0a150000

Metaspace:

Usage:
  Non-class:     62.46 MB used.
      Class:     10.19 MB used.
       Both:     72.65 MB used.

Virtual space:
  Non-class space:       64.00 MB reserved,      62.88 MB ( 98%) committed,  8 nodes.
      Class space:        1.00 GB reserved,      10.50 MB (  1%) committed,  1 nodes.
             Both:        1.06 GB reserved,      73.38 MB (  7%) committed. 

Chunk freelists:
   Non-Class:  224.00 KB
       Class:  1.44 MB
        Both:  1.66 MB

MaxMetaspaceSize: unlimited
CompressedClassSpaceSize: 1.00 GB
Initial GC threshold: 21.00 MB
Current GC threshold: 110.25 MB
CDS: off
MetaspaceReclaimPolicy: balanced
 - commit_granule_bytes: 65536.
 - commit_granule_words: 8192.
 - virtual_space_node_default_size: 1048576.
 - enlarge_chunks_in_place: 1.
 - new_chunks_are_fully_committed: 0.
 - uncommit_free_chunks: 1.
 - use_allocation_guard: 0.
 - handle_deallocations: 1.


Internal statistics:

num_allocs_failed_limit: 6.
num_arena_births: 880.
num_arena_deaths: 0.
num_vsnodes_births: 9.
num_vsnodes_deaths: 0.
num_space_committed: 1174.
num_space_uncommitted: 0.
num_chunks_returned_to_freelist: 6.
num_chunks_taken_from_freelist: 3439.
num_chunk_merges: 6.
num_chunk_splits: 2307.
num_chunks_enlarged: 1561.
num_purges: 0.
num_inconsistent_stats: 0.

CodeHeap 'non-profiled nmethods': size=120000Kb used=3798Kb max_used=3798Kb free=116201Kb
 bounds [0x0000023f167f0000, 0x0000023f16bb0000, 0x0000023f1dd20000]
CodeHeap 'profiled nmethods': size=120000Kb used=12500Kb max_used=12500Kb free=107499Kb
 bounds [0x0000023f0ed20000, 0x0000023f0f960000, 0x0000023f16250000]
CodeHeap 'non-nmethods': size=5760Kb used=2364Kb max_used=2445Kb free=3396Kb
 bounds [0x0000023f16250000, 0x0000023f164c0000, 0x0000023f167f0000]
 total_blobs=7380 nmethods=6486 adapters=805
 compilation: enabled
              stopped_count=0, restarted_count=0
 full_count=0

Compilation events (20 events):
Event: 13.832 Thread 0x0000023f26c9aa40 7272       1       com.android.build.gradle.internal.api.DefaultAndroidSourceSet::getName (5 bytes)
Event: 13.832 Thread 0x0000023f26c9aa40 nmethod 7272 0x0000023f16ba4390 code [0x0000023f16ba4520, 0x0000023f16ba45f8]
Event: 13.833 Thread 0x0000023f26c9aa40 7273       1       org.gradle.configuration.internal.DefaultUserCodeApplicationContext$CurrentApplication::getId (5 bytes)
Event: 13.833 Thread 0x0000023f26c9aa40 nmethod 7273 0x0000023f16ba4690 code [0x0000023f16ba4820, 0x0000023f16ba48f8]
Event: 13.833 Thread 0x0000023f26c9aa40 7274       3       org.gradle.api.internal.collections.AbstractIterationOrderRetainingElementSource::<init> (27 bytes)
Event: 13.834 Thread 0x0000023f26c9aa40 nmethod 7274 0x0000023f0f94d810 code [0x0000023f0f94da40, 0x0000023f0f94e308]
Event: 13.834 Thread 0x0000023f26c9aa40 7275       3       com.google.common.collect.Sets::newLinkedHashSet (8 bytes)
Event: 13.834 Thread 0x0000023f26c9aa40 nmethod 7275 0x0000023f0f94e690 code [0x0000023f0f94e860, 0x0000023f0f94ea48]
Event: 13.834 Thread 0x0000023f26c9aa40 7276   !   3       org.gradle.api.internal.DynamicPropertyNamer::determineName (107 bytes)
Event: 13.835 Thread 0x0000023f26c9aa40 nmethod 7276 0x0000023f0f94eb10 code [0x0000023f0f94eda0, 0x0000023f0f94fbb8]
Event: 13.835 Thread 0x0000023f26c9aa40 7277       3       org.gradle.internal.ImmutableActionSet$EmptySet::addOne (9 bytes)
Event: 13.835 Thread 0x0000023f26c9aa40 nmethod 7277 0x0000023f0f94ff90 code [0x0000023f0f950140, 0x0000023f0f950418]
Event: 13.835 Thread 0x0000023f26c9aa40 7278       3       org.gradle.internal.ImmutableActionSet$SingletonSet::<init> (10 bytes)
Event: 13.835 Thread 0x0000023f26c9aa40 nmethod 7278 0x0000023f0f950590 code [0x0000023f0f950740, 0x0000023f0f950958]
Event: 13.835 Thread 0x0000023f26c9aa40 7279       3       com.google.common.collect.ImmutableSet::of (9 bytes)
Event: 13.836 Thread 0x0000023f26c9aa40 nmethod 7279 0x0000023f0f950a90 code [0x0000023f0f950c60, 0x0000023f0f951128]
Event: 13.837 Thread 0x0000023f26c9aa40 7280       3       com.google.common.collect.SingletonImmutableSet::<init> (13 bytes)
Event: 13.838 Thread 0x0000023f26c9aa40 nmethod 7280 0x0000023f0f951310 code [0x0000023f0f9514e0, 0x0000023f0f951928]
Event: 13.838 Thread 0x0000023f26c9aa40 7281       1       org.gradle.api.internal.project.DefaultProjectStateRegistry::access$300 (5 bytes)
Event: 13.838 Thread 0x0000023f26c9aa40 nmethod 7281 0x0000023f16ba4990 code [0x0000023f16ba4b20, 0x0000023f16ba4bd8]

GC Heap History (20 events):
Event: 8.613 GC heap before
{Heap before GC invocations=11 (full 0):
 garbage-first heap   total 131072K, used 67141K [0x0000000080000000, 0x0000000100000000)
  region size 1024K, 8 young (8192K), 6 survivors (6144K)
 Metaspace       used 47377K, committed 47808K, reserved 1097728K
  class space    used 6277K, committed 6464K, reserved 1048576K
}
Event: 8.617 GC heap after
{Heap after GC invocations=12 (full 0):
 garbage-first heap   total 131072K, used 67311K [0x0000000080000000, 0x0000000100000000)
  region size 1024K, 1 young (1024K), 1 survivors (1024K)
 Metaspace       used 47377K, committed 47808K, reserved 1097728K
  class space    used 6277K, committed 6464K, reserved 1048576K
}
Event: 9.358 GC heap before
{Heap before GC invocations=13 (full 0):
 garbage-first heap   total 131072K, used 106223K [0x0000000080000000, 0x0000000100000000)
  region size 1024K, 38 young (38912K), 1 survivors (1024K)
 Metaspace       used 51025K, committed 51520K, reserved 1097728K
  class space    used 6769K, committed 6976K, reserved 1048576K
}
Event: 9.361 GC heap after
{Heap after GC invocations=14 (full 0):
 garbage-first heap   total 131072K, used 69577K [0x0000000080000000, 0x0000000100000000)
  region size 1024K, 3 young (3072K), 3 survivors (3072K)
 Metaspace       used 51025K, committed 51520K, reserved 1097728K
  class space    used 6769K, committed 6976K, reserved 1048576K
}
Event: 10.211 GC heap before
{Heap before GC invocations=14 (full 0):
 garbage-first heap   total 131072K, used 105417K [0x0000000080000000, 0x0000000100000000)
  region size 1024K, 38 young (38912K), 3 survivors (3072K)
 Metaspace       used 55375K, committed 56000K, reserved 1097728K
  class space    used 7483K, committed 7744K, reserved 1048576K
}
Event: 10.218 GC heap after
{Heap after GC invocations=15 (full 0):
 garbage-first heap   total 131072K, used 72159K [0x0000000080000000, 0x0000000100000000)
  region size 1024K, 3 young (3072K), 3 survivors (3072K)
 Metaspace       used 55375K, committed 56000K, reserved 1097728K
  class space    used 7483K, committed 7744K, reserved 1048576K
}
Event: 10.917 GC heap before
{Heap before GC invocations=16 (full 0):
 garbage-first heap   total 131072K, used 105951K [0x0000000080000000, 0x0000000100000000)
  region size 1024K, 37 young (37888K), 3 survivors (3072K)
 Metaspace       used 56352K, committed 57024K, reserved 1105920K
  class space    used 7595K, committed 7872K, reserved 1048576K
}
Event: 10.923 GC heap after
{Heap after GC invocations=17 (full 0):
 garbage-first heap   total 131072K, used 76389K [0x0000000080000000, 0x0000000100000000)
  region size 1024K, 5 young (5120K), 5 survivors (5120K)
 Metaspace       used 56352K, committed 57024K, reserved 1105920K
  class space    used 7595K, committed 7872K, reserved 1048576K
}
Event: 11.565 GC heap before
{Heap before GC invocations=17 (full 0):
 garbage-first heap   total 131072K, used 100965K [0x0000000080000000, 0x0000000100000000)
  region size 1024K, 30 young (30720K), 5 survivors (5120K)
 Metaspace       used 60442K, committed 61120K, reserved 1105920K
  class space    used 8592K, committed 8896K, reserved 1048576K
}
Event: 11.571 GC heap after
{Heap after GC invocations=18 (full 0):
 garbage-first heap   total 131072K, used 77766K [0x0000000080000000, 0x0000000100000000)
  region size 1024K, 2 young (2048K), 2 survivors (2048K)
 Metaspace       used 60442K, committed 61120K, reserved 1105920K
  class space    used 8592K, committed 8896K, reserved 1048576K
}
Event: 12.033 GC heap before
{Heap before GC invocations=19 (full 0):
 garbage-first heap   total 140288K, used 116678K [0x0000000080000000, 0x0000000100000000)
  region size 1024K, 31 young (31744K), 2 survivors (2048K)
 Metaspace       used 63232K, committed 63872K, reserved 1105920K
  class space    used 8996K, committed 9280K, reserved 1048576K
}
Event: 12.037 GC heap after
{Heap after GC invocations=20 (full 0):
 garbage-first heap   total 140288K, used 93439K [0x0000000080000000, 0x0000000100000000)
  region size 1024K, 4 young (4096K), 4 survivors (4096K)
 Metaspace       used 63232K, committed 63872K, reserved 1105920K
  class space    used 8996K, committed 9280K, reserved 1048576K
}
Event: 12.082 GC heap before
{Heap before GC invocations=20 (full 0):
 garbage-first heap   total 140288K, used 95487K [0x0000000080000000, 0x0000000100000000)
  region size 1024K, 6 young (6144K), 4 survivors (4096K)
 Metaspace       used 63483K, committed 64192K, reserved 1105920K
  class space    used 9017K, committed 9344K, reserved 1048576K
}
Event: 12.085 GC heap after
{Heap after GC invocations=21 (full 0):
 garbage-first heap   total 140288K, used 93782K [0x0000000080000000, 0x0000000100000000)
  region size 1024K, 1 young (1024K), 1 survivors (1024K)
 Metaspace       used 63483K, committed 64192K, reserved 1105920K
  class space    used 9017K, committed 9344K, reserved 1048576K
}
Event: 12.569 GC heap before
{Heap before GC invocations=21 (full 0):
 garbage-first heap   total 140288K, used 116310K [0x0000000080000000, 0x0000000100000000)
  region size 1024K, 23 young (23552K), 1 survivors (1024K)
 Metaspace       used 66888K, committed 67584K, reserved 1114112K
  class space    used 9436K, committed 9728K, reserved 1048576K
}
Event: 12.572 GC heap after
{Heap after GC invocations=22 (full 0):
 garbage-first heap   total 140288K, used 94389K [0x0000000080000000, 0x0000000100000000)
  region size 1024K, 1 young (1024K), 1 survivors (1024K)
 Metaspace       used 66888K, committed 67584K, reserved 1114112K
  class space    used 9436K, committed 9728K, reserved 1048576K
}
Event: 13.076 GC heap before
{Heap before GC invocations=23 (full 0):
 garbage-first heap   total 162816K, used 121013K [0x0000000080000000, 0x0000000100000000)
  region size 1024K, 23 young (23552K), 1 survivors (1024K)
 Metaspace       used 70514K, committed 71296K, reserved 1114112K
  class space    used 9914K, committed 10240K, reserved 1048576K
}
Event: 13.091 GC heap after
{Heap after GC invocations=24 (full 0):
 garbage-first heap   total 195584K, used 101814K [0x0000000080000000, 0x0000000100000000)
  region size 1024K, 3 young (3072K), 3 survivors (3072K)
 Metaspace       used 70514K, committed 71296K, reserved 1114112K
  class space    used 9914K, committed 10240K, reserved 1048576K
}
Event: 13.157 GC heap before
{Heap before GC invocations=24 (full 0):
 garbage-first heap   total 195584K, used 108982K [0x0000000080000000, 0x0000000100000000)
  region size 1024K, 9 young (9216K), 3 survivors (3072K)
 Metaspace       used 70530K, committed 71296K, reserved 1114112K
  class space    used 9915K, committed 10240K, reserved 1048576K
}
Event: 13.160 GC heap after
{Heap after GC invocations=25 (full 0):
 garbage-first heap   total 195584K, used 100766K [0x0000000080000000, 0x0000000100000000)
  region size 1024K, 2 young (2048K), 2 survivors (2048K)
 Metaspace       used 70530K, committed 71296K, reserved 1114112K
  class space    used 9915K, committed 10240K, reserved 1048576K
}

Dll operation events (2 events):
Event: 0.014 Loaded shared library C:\Program Files\Android\Android Studio\jbr\bin\java.dll
Event: 0.753 Loaded shared library C:\Program Files\Android\Android Studio\jbr\bin\verify.dll

Deoptimization events (20 events):
Event: 13.785 Thread 0x0000023f297fa410 DEOPT PACKING pc=0x0000023f1696344c sp=0x00000056dd0f67c0
Event: 13.785 Thread 0x0000023f297fa410 DEOPT UNPACKING pc=0x0000023f162a69a3 sp=0x00000056dd0f6780 mode 2
Event: 13.802 Thread 0x0000023f297fa410 Uncommon trap: trap_request=0xffffffde fr.pc=0x0000023f16934538 relative=0x0000000000000378
Event: 13.802 Thread 0x0000023f297fa410 Uncommon trap: reason=class_check action=maybe_recompile pc=0x0000023f16934538 method=java.lang.StringConcatHelper.stringOf(Ljava/lang/Object;)Ljava/lang/String; @ 5 c2
Event: 13.802 Thread 0x0000023f297fa410 DEOPT PACKING pc=0x0000023f16934538 sp=0x00000056dd0f4a10
Event: 13.802 Thread 0x0000023f297fa410 DEOPT UNPACKING pc=0x0000023f162a69a3 sp=0x00000056dd0f4950 mode 2
Event: 13.810 Thread 0x0000023f297fa410 DEOPT PACKING pc=0x0000023f0f3a92ce sp=0x00000056dd0f5700
Event: 13.810 Thread 0x0000023f297fa410 DEOPT UNPACKING pc=0x0000023f162a7143 sp=0x00000056dd0f4bc8 mode 0
Event: 13.813 Thread 0x0000023f297fa410 Uncommon trap: trap_request=0xffffff45 fr.pc=0x0000023f16b8cf28 relative=0x0000000000000128
Event: 13.813 Thread 0x0000023f297fa410 Uncommon trap: reason=unstable_if action=reinterpret pc=0x0000023f16b8cf28 method=org.objectweb.asm.ByteVector.putByteArray([BII)Lorg/objectweb/asm/ByteVector; @ 20 c2
Event: 13.814 Thread 0x0000023f297fa410 DEOPT PACKING pc=0x0000023f16b8cf28 sp=0x00000056dd0f4e20
Event: 13.814 Thread 0x0000023f297fa410 DEOPT UNPACKING pc=0x0000023f162a69a3 sp=0x00000056dd0f4df0 mode 2
Event: 13.814 Thread 0x0000023f297fa410 Uncommon trap: trap_request=0xffffff45 fr.pc=0x0000023f1693dc34 relative=0x0000000000000a74
Event: 13.814 Thread 0x0000023f297fa410 Uncommon trap: reason=unstable_if action=reinterpret pc=0x0000023f1693dc34 method=org.objectweb.asm.Label.resolve([BI)Z @ 80 c2
Event: 13.814 Thread 0x0000023f297fa410 DEOPT PACKING pc=0x0000023f1693dc34 sp=0x00000056dd0f4e60
Event: 13.814 Thread 0x0000023f297fa410 DEOPT UNPACKING pc=0x0000023f162a69a3 sp=0x00000056dd0f4d80 mode 2
Event: 13.814 Thread 0x0000023f297fa410 Uncommon trap: trap_request=0xffffff45 fr.pc=0x0000023f16a0c198 relative=0x00000000000001f8
Event: 13.814 Thread 0x0000023f297fa410 Uncommon trap: reason=unstable_if action=reinterpret pc=0x0000023f16a0c198 method=org.objectweb.asm.Label.resolve([BI)Z @ 80 c2
Event: 13.814 Thread 0x0000023f297fa410 DEOPT PACKING pc=0x0000023f16a0c198 sp=0x00000056dd0f4df0
Event: 13.814 Thread 0x0000023f297fa410 DEOPT UNPACKING pc=0x0000023f162a69a3 sp=0x00000056dd0f4d70 mode 2

Classes unloaded (0 events):
No events

Classes redefined (0 events):
No events

Internal exceptions (20 events):
Event: 11.151 Thread 0x0000023f297fa410 Exception <a 'java/lang/NoSuchMethodError'{0x00000000876670c8}: 'java.lang.Object java.lang.invoke.DirectMethodHandle$Holder.invokeSpecial(java.lang.Object, java.lang.Object, java.lang.Object, java.lang.Object, long)'> (0x00000000876670c8) 
thrown [s\src\hotspot\share\interpreter\linkResolver.cpp, line 771]
Event: 11.154 Thread 0x0000023f297fa410 Exception <a 'java/lang/NoSuchMethodError'{0x000000008768bee8}: 'long java.lang.invoke.Invokers$Holder.invoke_MT(java.lang.Object, java.lang.Object, java.lang.Object, java.lang.Object)'> (0x000000008768bee8) 
thrown [s\src\hotspot\share\interpreter\linkResolver.cpp, line 771]
Event: 11.156 Thread 0x0000023f297fa410 Exception <a 'java/lang/NoSuchMethodError'{0x0000000087695290}: 'int java.lang.invoke.Invokers$Holder.invoke_MT(java.lang.Object, java.lang.Object, java.lang.Object, java.lang.Object)'> (0x0000000087695290) 
thrown [s\src\hotspot\share\interpreter\linkResolver.cpp, line 771]
Event: 11.158 Thread 0x0000023f297fa410 Exception <a 'java/lang/NoSuchMethodError'{0x00000000876a6580}: 'int java.lang.invoke.DelegatingMethodHandle$Holder.reinvoke_L(java.lang.Object, java.lang.Object, java.lang.Object, long, int)'> (0x00000000876a6580) 
thrown [s\src\hotspot\share\interpreter\linkResolver.cpp, line 771]
Event: 11.160 Thread 0x0000023f297fa410 Exception <a 'java/lang/NoSuchMethodError'{0x00000000876b99f8}: 'java.lang.Object java.lang.invoke.Invokers$Holder.invokeExact_MT(java.lang.Object, java.lang.Object, long, java.lang.Object)'> (0x00000000876b99f8) 
thrown [s\src\hotspot\share\interpreter\linkResolver.cpp, line 771]
Event: 11.545 Thread 0x0000023f29f16270 Exception <a 'sun/nio/fs/WindowsException'{0x00000000868c1488}> (0x00000000868c1488) 
thrown [s\src\hotspot\share\prims\jni.cpp, line 517]
Event: 11.548 Thread 0x0000023f29f16270 Exception <a 'sun/nio/fs/WindowsException'{0x00000000868dcd98}> (0x00000000868dcd98) 
thrown [s\src\hotspot\share\prims\jni.cpp, line 517]
Event: 11.549 Thread 0x0000023f29f16270 Exception <a 'sun/nio/fs/WindowsException'{0x00000000868dcf00}> (0x00000000868dcf00) 
thrown [s\src\hotspot\share\prims\jni.cpp, line 517]
Event: 11.562 Thread 0x0000023f297fa410 Implicit null exception at 0x0000023f16b49c0f to 0x0000023f16b4a2a0
Event: 11.562 Thread 0x0000023f297fa410 Implicit null exception at 0x0000023f16b41394 to 0x0000023f16b41a28
Event: 11.847 Thread 0x0000023f297fa410 Exception <a 'java/lang/NoSuchMethodError'{0x00000000875a02a8}: 'java.lang.Object java.lang.invoke.DirectMethodHandle$Holder.newInvokeSpecial(java.lang.Object, java.lang.Object, java.lang.Object, java.lang.Object, int)'> (0x00000000875a02a8) 
thrown [s\src\hotspot\share\interpreter\linkResolver.cpp, line 771]
Event: 11.847 Thread 0x0000023f297fa410 Exception <a 'java/lang/NoSuchMethodError'{0x00000000875a56a8}: 'java.lang.Object java.lang.invoke.DirectMethodHandle$Holder.invokeSpecial(java.lang.Object, java.lang.Object, java.lang.Object, java.lang.Object, java.lang.Object, int)'> (0x00000000875a56a8) 
thrown [s\src\hotspot\share\interpreter\linkResolver.cpp, line 771]
Event: 11.847 Thread 0x0000023f297fa410 Exception <a 'java/lang/NoSuchMethodError'{0x00000000875aa3e0}: 'java.lang.Object java.lang.invoke.Invokers$Holder.linkToTargetMethod(java.lang.Object, java.lang.Object, java.lang.Object, int, java.lang.Object)'> (0x00000000875aa3e0) 
thrown [s\src\hotspot\share\interpreter\linkResolver.cpp, line 771]
Event: 12.117 Thread 0x0000023f297fa410 Exception <a 'java/lang/NoSuchMethodError'{0x000000008cc85f50}: 'int java.lang.invoke.DirectMethodHandle$Holder.invokeInterface(java.lang.Object, java.lang.Object, java.lang.Object, java.lang.Object)'> (0x000000008cc85f50) 
thrown [s\src\hotspot\share\interpreter\linkResolver.cpp, line 771]
Event: 12.681 Thread 0x0000023f297fa410 Exception <a 'java/lang/IncompatibleClassChangeError'{0x000000008caac9a8}: Found class java.lang.Object, but interface was expected> (0x000000008caac9a8) 
thrown [s\src\hotspot\share\interpreter\linkResolver.cpp, line 838]
Event: 12.750 Thread 0x0000023f297fa410 Implicit null exception at 0x0000023f16a33054 to 0x0000023f16a331fc
Event: 12.750 Thread 0x0000023f297fa410 Implicit null exception at 0x0000023f16ad7316 to 0x0000023f16ad7994
Event: 12.963 Thread 0x0000023f297fa410 Implicit null exception at 0x0000023f169da40c to 0x0000023f169da53e
Event: 13.165 Thread 0x0000023f297fa410 Exception <a 'sun/nio/fs/WindowsException'{0x000000008f520848}> (0x000000008f520848) 
thrown [s\src\hotspot\share\prims\jni.cpp, line 517]
Event: 13.813 Thread 0x0000023f297fa410 Implicit null exception at 0x0000023f16b8ce48 to 0x0000023f16b8cf08

VM Operations (20 events):
Event: 12.106 Executing VM operation: HandshakeAllThreads
Event: 12.107 Executing VM operation: HandshakeAllThreads done
Event: 12.115 Executing VM operation: HandshakeAllThreads
Event: 12.116 Executing VM operation: HandshakeAllThreads done
Event: 12.568 Executing VM operation: G1CollectForAllocation
Event: 12.572 Executing VM operation: G1CollectForAllocation done
Event: 12.613 Executing VM operation: G1Concurrent
Event: 12.618 Executing VM operation: G1Concurrent done
Event: 12.634 Executing VM operation: G1Concurrent
Event: 12.634 Executing VM operation: G1Concurrent done
Event: 12.928 Executing VM operation: HandshakeAllThreads
Event: 12.929 Executing VM operation: HandshakeAllThreads done
Event: 13.076 Executing VM operation: G1CollectForAllocation
Event: 13.092 Executing VM operation: G1CollectForAllocation done
Event: 13.157 Executing VM operation: G1CollectForAllocation
Event: 13.160 Executing VM operation: G1CollectForAllocation done
Event: 13.190 Executing VM operation: HandshakeAllThreads
Event: 13.190 Executing VM operation: HandshakeAllThreads done
Event: 13.811 Executing VM operation: ICBufferFull
Event: 13.812 Executing VM operation: ICBufferFull done

Events (20 events):
Event: 13.039 loading class java/util/Base64$Decoder
Event: 13.039 loading class java/util/Base64$Decoder done
Event: 13.039 loading class java/util/Base64$Encoder
Event: 13.039 loading class java/util/Base64$Encoder done
Event: 13.041 loading class java/util/jar/JarVerifier$VerifierStream
Event: 13.041 loading class java/util/jar/JarVerifier$VerifierStream done
Event: 13.041 loading class sun/security/util/ManifestEntryVerifier$SunProviderHolder
Event: 13.041 loading class sun/security/util/ManifestEntryVerifier$SunProviderHolder done
Event: 13.181 loading class java/util/concurrent/LinkedBlockingDeque$Itr
Event: 13.181 loading class java/util/concurrent/LinkedBlockingDeque$AbstractItr
Event: 13.181 loading class java/util/concurrent/LinkedBlockingDeque$AbstractItr done
Event: 13.181 loading class java/util/concurrent/LinkedBlockingDeque$Itr done
Event: 13.613 loading class java/security/KeyStore
Event: 13.614 loading class java/security/KeyStore done
Event: 13.614 loading class java/security/KeyStore$1
Event: 13.614 loading class java/security/KeyStore$1 done
Event: 13.756 loading class javax/xml/stream/XMLStreamException
Event: 13.756 loading class javax/xml/stream/XMLStreamException done
Event: 13.781 loading class sun/reflect/annotation/AnnotationInvocationHandler$1
Event: 13.781 loading class sun/reflect/annotation/AnnotationInvocationHandler$1 done


Dynamic libraries:
0x00007ff735530000 - 0x00007ff73553a000 	C:\Program Files\Android\Android Studio\jbr\bin\java.exe
0x00007fff8b3f0000 - 0x00007fff8b607000 	C:\WINDOWS\SYSTEM32\ntdll.dll
0x00007fff89270000 - 0x00007fff89334000 	C:\WINDOWS\System32\KERNEL32.DLL
0x00007fff88ae0000 - 0x00007fff88e85000 	C:\WINDOWS\System32\KERNELBASE.dll
0x00007fff89020000 - 0x00007fff89131000 	C:\WINDOWS\System32\ucrtbase.dll
0x00007fff6b850000 - 0x00007fff6b86b000 	C:\Program Files\Android\Android Studio\jbr\bin\VCRUNTIME140.dll
0x00007fff34350000 - 0x00007fff34367000 	C:\Program Files\Android\Android Studio\jbr\bin\jli.dll
0x00007fff895f0000 - 0x00007fff8979e000 	C:\WINDOWS\System32\USER32.dll
0x00007fff6de60000 - 0x00007fff6e0f3000 	C:\WINDOWS\WinSxS\amd64_microsoft.windows.common-controls_6595b64144ccf1df_6.0.22621.2506_none_270c5ae97388e100\COMCTL32.dll
0x00007fff88ff0000 - 0x00007fff89016000 	C:\WINDOWS\System32\win32u.dll
0x00007fff8aea0000 - 0x00007fff8af47000 	C:\WINDOWS\System32\msvcrt.dll
0x00007fff8a000000 - 0x00007fff8a029000 	C:\WINDOWS\System32\GDI32.dll
0x00007fff88760000 - 0x00007fff88879000 	C:\WINDOWS\System32\gdi32full.dll
0x00007fff88f50000 - 0x00007fff88fea000 	C:\WINDOWS\System32\msvcp_win.dll
0x00007fff8ade0000 - 0x00007fff8ae11000 	C:\WINDOWS\System32\IMM32.DLL
0x00007fff812a0000 - 0x00007fff812ac000 	C:\Program Files\Android\Android Studio\jbr\bin\vcruntime140_1.dll
0x00007fff4b330000 - 0x00007fff4b3bd000 	C:\Program Files\Android\Android Studio\jbr\bin\msvcp140.dll
0x00007fff0a520000 - 0x00007fff0b18e000 	C:\Program Files\Android\Android Studio\jbr\bin\server\jvm.dll
0x00007fff8ab20000 - 0x00007fff8abd1000 	C:\WINDOWS\System32\ADVAPI32.dll
0x00007fff89340000 - 0x00007fff893e6000 	C:\WINDOWS\System32\sechost.dll
0x00007fff8a1e0000 - 0x00007fff8a2f7000 	C:\WINDOWS\System32\RPCRT4.dll
0x00007fff81030000 - 0x00007fff81039000 	C:\WINDOWS\SYSTEM32\WSOCK32.dll
0x00007fff80bd0000 - 0x00007fff80c04000 	C:\WINDOWS\SYSTEM32\WINMM.dll
0x00007fff7ef60000 - 0x00007fff7ef6a000 	C:\WINDOWS\SYSTEM32\VERSION.dll
0x00007fff8ad30000 - 0x00007fff8ada1000 	C:\WINDOWS\System32\WS2_32.dll
0x00007fff87680000 - 0x00007fff87698000 	C:\WINDOWS\SYSTEM32\kernel.appcore.dll
0x00007fff768e0000 - 0x00007fff768ea000 	C:\Program Files\Android\Android Studio\jbr\bin\jimage.dll
0x00007fff75510000 - 0x00007fff75743000 	C:\WINDOWS\SYSTEM32\DBGHELP.DLL
0x00007fff8a780000 - 0x00007fff8ab09000 	C:\WINDOWS\System32\combase.dll
0x00007fff89190000 - 0x00007fff89267000 	C:\WINDOWS\System32\OLEAUT32.dll
0x00007fff64240000 - 0x00007fff64272000 	C:\WINDOWS\SYSTEM32\dbgcore.DLL
0x00007fff88a60000 - 0x00007fff88ada000 	C:\WINDOWS\System32\bcryptPrimitives.dll
0x00007fff34780000 - 0x00007fff347a5000 	C:\Program Files\Android\Android Studio\jbr\bin\java.dll
0x00007fff4b1d0000 - 0x00007fff4b1e8000 	C:\Program Files\Android\Android Studio\jbr\bin\zip.dll
0x00007fff897a0000 - 0x00007fff89ff9000 	C:\WINDOWS\System32\SHELL32.dll
0x00007fff86630000 - 0x00007fff86f24000 	C:\WINDOWS\SYSTEM32\windows.storage.dll
0x00007fff864f0000 - 0x00007fff8662e000 	C:\WINDOWS\SYSTEM32\wintypes.dll
0x00007fff8af50000 - 0x00007fff8b043000 	C:\WINDOWS\System32\SHCORE.dll
0x00007fff89500000 - 0x00007fff8955e000 	C:\WINDOWS\System32\shlwapi.dll
0x00007fff88690000 - 0x00007fff886b6000 	C:\WINDOWS\SYSTEM32\profapi.dll
0x00007fff34740000 - 0x00007fff34759000 	C:\Program Files\Android\Android Studio\jbr\bin\net.dll
0x00007fff81c20000 - 0x00007fff81d57000 	C:\WINDOWS\SYSTEM32\WINHTTP.dll
0x00007fff87ba0000 - 0x00007fff87c09000 	C:\WINDOWS\system32\mswsock.dll
0x00007fff34720000 - 0x00007fff34736000 	C:\Program Files\Android\Android Studio\jbr\bin\nio.dll
0x00007fff74e10000 - 0x00007fff74e20000 	C:\Program Files\Android\Android Studio\jbr\bin\verify.dll
0x00007fff4b3c0000 - 0x00007fff4b3e7000 	C:\Users\h\.gradle\native\68d5fa5c4cc2d200863cafc0d521ce42e7d3e7ee720ec0a83991735586a16f82\windows-amd64\native-platform.dll
0x00007fff29f50000 - 0x00007fff2a094000 	C:\Users\h\.gradle\native\e376f236ea51e6404a007f0833ffe2c6e607c4080706a723a18a27aeea778392\windows-amd64\native-platform-file-events.dll
0x00007fff65130000 - 0x00007fff65139000 	C:\Program Files\Android\Android Studio\jbr\bin\management.dll
0x00007fff64f00000 - 0x00007fff64f0b000 	C:\Program Files\Android\Android Studio\jbr\bin\management_ext.dll
0x00007fff894f0000 - 0x00007fff894f8000 	C:\WINDOWS\System32\PSAPI.DLL
0x00007fff87dd0000 - 0x00007fff87deb000 	C:\WINDOWS\SYSTEM32\CRYPTSP.dll
0x00007fff876a0000 - 0x00007fff876d5000 	C:\WINDOWS\system32\rsaenh.dll
0x00007fff87c60000 - 0x00007fff87c8c000 	C:\WINDOWS\SYSTEM32\USERENV.dll
0x00007fff88020000 - 0x00007fff88048000 	C:\WINDOWS\SYSTEM32\bcrypt.dll
0x00007fff87df0000 - 0x00007fff87dfc000 	C:\WINDOWS\SYSTEM32\CRYPTBASE.dll
0x00007fff87190000 - 0x00007fff871bd000 	C:\WINDOWS\SYSTEM32\IPHLPAPI.DLL
0x00007fff8ab10000 - 0x00007fff8ab19000 	C:\WINDOWS\System32\NSI.dll
0x00007fff82790000 - 0x00007fff827a9000 	C:\WINDOWS\SYSTEM32\dhcpcsvc6.DLL
0x00007fff812e0000 - 0x00007fff812ff000 	C:\WINDOWS\SYSTEM32\dhcpcsvc.DLL
0x00007fff87200000 - 0x00007fff872f9000 	C:\WINDOWS\SYSTEM32\DNSAPI.dll
0x00007fff660a0000 - 0x00007fff660a8000 	C:\WINDOWS\system32\wshunix.dll

dbghelp: loaded successfully - version: 4.0.5 - missing functions: none
symbol engine: initialized successfully - sym options: 0x614 - pdb path: .;C:\Program Files\Android\Android Studio\jbr\bin;C:\WINDOWS\SYSTEM32;C:\WINDOWS\WinSxS\amd64_microsoft.windows.common-controls_6595b64144ccf1df_6.0.22621.2506_none_270c5ae97388e100;C:\Program Files\Android\Android Studio\jbr\bin\server;C:\Users\h\.gradle\native\68d5fa5c4cc2d200863cafc0d521ce42e7d3e7ee720ec0a83991735586a16f82\windows-amd64;C:\Users\h\.gradle\native\e376f236ea51e6404a007f0833ffe2c6e607c4080706a723a18a27aeea778392\windows-amd64

VM Arguments:
jvm_args: --add-opens=java.base/java.util=ALL-UNNAMED --add-opens=java.base/java.lang=ALL-UNNAMED --add-opens=java.base/java.lang.invoke=ALL-UNNAMED --add-opens=java.prefs/java.util.prefs=ALL-UNNAMED --add-opens=java.base/java.nio.charset=ALL-UNNAMED --add-opens=java.base/java.net=ALL-UNNAMED --add-opens=java.base/java.util.concurrent.atomic=ALL-UNNAMED -Xmx2048m -Dfile.encoding=UTF-8 -Duser.country=ID -Duser.language=en -Duser.variant 
java_command: org.gradle.launcher.daemon.bootstrap.GradleDaemon 8.0
java_class_path (initial): C:\Users\h\.gradle\wrapper\dists\gradle-8.0-bin\ca5e32bp14vu59qr306oxotwh\gradle-8.0\lib\gradle-launcher-8.0.jar
Launcher Type: SUN_STANDARD

[Global flags]
     intx CICompilerCount                          = 4                                         {product} {ergonomic}
     uint ConcGCThreads                            = 3                                         {product} {ergonomic}
     uint G1ConcRefinementThreads                  = 10                                        {product} {ergonomic}
   size_t G1HeapRegionSize                         = 1048576                                   {product} {ergonomic}
    uintx GCDrainStackTargetSize                   = 64                                        {product} {ergonomic}
   size_t InitialHeapSize                          = 257949696                                 {product} {ergonomic}
   size_t MarkStackSize                            = 4194304                                   {product} {ergonomic}
   size_t MaxHeapSize                              = 2147483648                                {product} {command line}
   size_t MaxNewSize                               = 1287651328                                {product} {ergonomic}
   size_t MinHeapDeltaBytes                        = 1048576                                   {product} {ergonomic}
   size_t MinHeapSize                              = 8388608                                   {product} {ergonomic}
    uintx NonNMethodCodeHeapSize                   = 5839372                                {pd product} {ergonomic}
    uintx NonProfiledCodeHeapSize                  = 122909434                              {pd product} {ergonomic}
    uintx ProfiledCodeHeapSize                     = 122909434                              {pd product} {ergonomic}
    uintx ReservedCodeCacheSize                    = 251658240                              {pd product} {ergonomic}
     bool SegmentedCodeCache                       = true                                      {product} {ergonomic}
   size_t SoftMaxHeapSize                          = 2147483648                             {manageable} {ergonomic}
     bool UseCompressedClassPointers               = true                           {product lp64_product} {ergonomic}
     bool UseCompressedOops                        = true                           {product lp64_product} {ergonomic}
     bool UseG1GC                                  = true                                      {product} {ergonomic}
     bool UseLargePagesIndividualAllocation        = false                                  {pd product} {ergonomic}

Logging:
Log output configuration:
 #0: stdout all=warning uptime,level,tags
 #1: stderr all=off uptime,level,tags

Environment Variables:
JAVA_HOME=C:\Program Files\Zulu\zulu-8
PATH=C:\Program Files\Zulu\zulu-8\bin\;C:\windows\system32;C:\windows;C:\windows\System32\Wbem;C:\windows\System32\WindowsPowerShell\v1.0\;C:\windows\System32\OpenSSH\;C:\Program Files (x86)\NVIDIA Corporation\PhysX\Common;C:\Program Files\NVIDIA Corporation\NVIDIA NvDLISR;C:\Program Files\Microsoft VS Code\bin;C:\Program Files\MATLAB\R2017b\runtime\win64;C:\Program Files\MATLAB\R2017b\bin;C:\WINDOWS\system32;C:\WINDOWS;C:\WINDOWS\System32\Wbem;C:\WINDOWS\System32\WindowsPowerShell\v1.0\;C:\WINDOWS\System32\OpenSSH\;C:\Dicoding\gradle-8.3\bin;C:\Users\h\AppData\Local\Microsoft\WindowsApps;
USERNAME=h
OS=Windows_NT
PROCESSOR_IDENTIFIER=AMD64 Family 25 Model 80 Stepping 0, AuthenticAMD
TMP=C:\Users\h\AppData\Local\Temp
TEMP=C:\Users\h\AppData\Local\Temp


JNI global refs:
JNI global refs: 26, weak refs: 3

JNI global refs memory usage: 843, weak refs: 841


---------------  S Y S T E M  ---------------

OS:
 Windows 11 , 64 bit Build 22621 (10.0.22621.2506)
OS uptime: 0 days 13:52 hours
Hyper-V role detected

CPU: total 12 (initial active 12) (12 cores per cpu, 2 threads per core) family 25 model 80 stepping 0 microcode 0x0, cx8, cmov, fxsr, ht, mmx, 3dnowpref, sse, sse2, sse3, ssse3, sse4a, sse4.1, sse4.2, popcnt, lzcnt, tsc, tscinvbit, avx, avx2, aes, erms, clmul, bmi1, bmi2, adx, sha, fma, vzeroupper, clflush, clflushopt, hv

Memory: 4k page, system-wide physical 15713M (4170M free)
TotalPageFile size 15713M (AvailPageFile size 5M)
current process WorkingSet (physical memory assigned to process): 414M, peak: 414M
current process commit charge ("private bytes"): 467M, peak: 469M

vm_info: OpenJDK 64-Bit Server VM (17.0.6+0-b2043.56-10027231) for windows-amd64 JRE (17.0.6+0-b2043.56-10027231), built on Apr 28 2023 00:43:19 by "androidbuild" with MS VC++ 16.10 / 16.11 (VS2019)

END.
